[0.559s] DEBUG:colcon:Command line arguments: ['/usr/bin/colcon', 'list', '-p', '--base-paths', '/home/xiaobaige/dual_iiwa_project']
[0.559s] DEBUG:colcon:Parsed command line arguments: Namespace(log_base=None, log_level=None, verb_name='list', build_base='build', ignore_user_meta=False, metas=['./colcon.meta'], base_paths=['/home/xiaobaige/dual_iiwa_project'], packages_ignore=None, packages_ignore_regex=None, paths=None, packages_up_to=None, packages_up_to_regex=None, packages_above=None, packages_above_and_dependencies=None, packages_above_depth=None, packages_select_by_dep=None, packages_skip_by_dep=None, packages_skip_up_to=None, packages_select_build_failed=False, packages_skip_build_finished=False, packages_select_test_failures=False, packages_skip_test_passed=False, packages_select=None, packages_skip=None, packages_select_regex=None, packages_skip_regex=None, packages_start=None, packages_end=None, allow_overriding=[], topological_order=False, names_only=False, paths_only=True, topological_graph=False, topological_graph_dot=False, topological_graph_density=False, topological_graph_legend=False, topological_graph_dot_cluster=False, topological_graph_dot_include_skipped=False, mixin_files=None, mixin=None, verb_parser=<colcon_mixin.mixin.mixin_argument.MixinArgumentDecorator object at 0x7f5d36a1d120>, verb_extension=<colcon_package_information.verb.list.ListVerb object at 0x7f5d36bb0f70>, main=<bound method ListVerb.main of <colcon_package_information.verb.list.ListVerb object at 0x7f5d36bb0f70>>, mixin_verb=('list',))
[0.588s] Level 1:colcon.colcon_core.package_discovery:discover_packages(colcon_meta) check parameters
[0.589s] Level 1:colcon.colcon_core.package_discovery:discover_packages(recursive) check parameters
[0.589s] Level 1:colcon.colcon_core.package_discovery:discover_packages(ignore) check parameters
[0.589s] Level 1:colcon.colcon_core.package_discovery:discover_packages(path) check parameters
[0.589s] Level 1:colcon.colcon_core.package_discovery:discover_packages(recursive) discover
[0.589s] INFO:colcon.colcon_core.package_discovery:Crawling recursively for packages in '/home/xiaobaige/dual_iiwa_project'
[0.589s] Level 1:colcon.colcon_core.package_identification:_identify(/home/xiaobaige/dual_iiwa_project) by extensions ['ignore', 'ignore_ament_install']
[0.589s] Level 1:colcon.colcon_core.package_identification:_identify(/home/xiaobaige/dual_iiwa_project) by extension 'ignore'
[0.589s] Level 1:colcon.colcon_core.package_identification:_identify(/home/xiaobaige/dual_iiwa_project) by extension 'ignore_ament_install'
[0.589s] Level 1:colcon.colcon_core.package_identification:_identify(/home/xiaobaige/dual_iiwa_project) by extensions ['colcon_pkg']
[0.589s] Level 1:colcon.colcon_core.package_identification:_identify(/home/xiaobaige/dual_iiwa_project) by extension 'colcon_pkg'
[0.589s] Level 1:colcon.colcon_core.package_identification:_identify(/home/xiaobaige/dual_iiwa_project) by extensions ['colcon_meta']
[0.589s] Level 1:colcon.colcon_core.package_identification:_identify(/home/xiaobaige/dual_iiwa_project) by extension 'colcon_meta'
[0.589s] Level 1:colcon.colcon_core.package_identification:_identify(/home/xiaobaige/dual_iiwa_project) by extensions ['ros']
[0.589s] Level 1:colcon.colcon_core.package_identification:_identify(/home/xiaobaige/dual_iiwa_project) by extension 'ros'
[0.595s] Level 1:colcon.colcon_core.package_identification:_identify(/home/xiaobaige/dual_iiwa_project) by extensions ['cmake', 'python']
[0.595s] Level 1:colcon.colcon_core.package_identification:_identify(/home/xiaobaige/dual_iiwa_project) by extension 'cmake'
[0.595s] Level 1:colcon.colcon_core.package_identification:_identify(/home/xiaobaige/dual_iiwa_project) by extension 'python'
[0.595s] Level 1:colcon.colcon_core.package_identification:_identify(/home/xiaobaige/dual_iiwa_project) by extensions ['python_setup_py']
[0.595s] Level 1:colcon.colcon_core.package_identification:_identify(/home/xiaobaige/dual_iiwa_project) by extension 'python_setup_py'
[0.595s] Level 1:colcon.colcon_core.package_identification:_identify(/home/xiaobaige/dual_iiwa_project/build) by extensions ['ignore', 'ignore_ament_install']
[0.595s] Level 1:colcon.colcon_core.package_identification:_identify(/home/xiaobaige/dual_iiwa_project/build) by extension 'ignore'
[0.595s] Level 1:colcon.colcon_core.package_identification:_identify(/home/xiaobaige/dual_iiwa_project/build) ignored
[0.595s] Level 1:colcon.colcon_core.package_identification:_identify(/home/xiaobaige/dual_iiwa_project/install) by extensions ['ignore', 'ignore_ament_install']
[0.595s] Level 1:colcon.colcon_core.package_identification:_identify(/home/xiaobaige/dual_iiwa_project/install) by extension 'ignore'
[0.595s] Level 1:colcon.colcon_core.package_identification:_identify(/home/xiaobaige/dual_iiwa_project/install) ignored
[0.595s] Level 1:colcon.colcon_core.package_identification:_identify(/home/xiaobaige/dual_iiwa_project/log) by extensions ['ignore', 'ignore_ament_install']
[0.595s] Level 1:colcon.colcon_core.package_identification:_identify(/home/xiaobaige/dual_iiwa_project/log) by extension 'ignore'
[0.595s] Level 1:colcon.colcon_core.package_identification:_identify(/home/xiaobaige/dual_iiwa_project/log) ignored
[0.595s] Level 1:colcon.colcon_core.package_identification:_identify(/home/xiaobaige/dual_iiwa_project/src) by extensions ['ignore', 'ignore_ament_install']
[0.596s] Level 1:colcon.colcon_core.package_identification:_identify(/home/xiaobaige/dual_iiwa_project/src) by extension 'ignore'
[0.596s] Level 1:colcon.colcon_core.package_identification:_identify(/home/xiaobaige/dual_iiwa_project/src) by extension 'ignore_ament_install'
[0.596s] Level 1:colcon.colcon_core.package_identification:_identify(/home/xiaobaige/dual_iiwa_project/src) by extensions ['colcon_pkg']
[0.596s] Level 1:colcon.colcon_core.package_identification:_identify(/home/xiaobaige/dual_iiwa_project/src) by extension 'colcon_pkg'
[0.596s] Level 1:colcon.colcon_core.package_identification:_identify(/home/xiaobaige/dual_iiwa_project/src) by extensions ['colcon_meta']
[0.596s] Level 1:colcon.colcon_core.package_identification:_identify(/home/xiaobaige/dual_iiwa_project/src) by extension 'colcon_meta'
[0.596s] Level 1:colcon.colcon_core.package_identification:_identify(/home/xiaobaige/dual_iiwa_project/src) by extensions ['ros']
[0.596s] Level 1:colcon.colcon_core.package_identification:_identify(/home/xiaobaige/dual_iiwa_project/src) by extension 'ros'
[0.596s] Level 1:colcon.colcon_core.package_identification:_identify(/home/xiaobaige/dual_iiwa_project/src) by extensions ['cmake', 'python']
[0.596s] Level 1:colcon.colcon_core.package_identification:_identify(/home/xiaobaige/dual_iiwa_project/src) by extension 'cmake'
[0.596s] Level 1:colcon.colcon_core.package_identification:_identify(/home/xiaobaige/dual_iiwa_project/src) by extension 'python'
[0.596s] Level 1:colcon.colcon_core.package_identification:_identify(/home/xiaobaige/dual_iiwa_project/src) by extensions ['python_setup_py']
[0.596s] Level 1:colcon.colcon_core.package_identification:_identify(/home/xiaobaige/dual_iiwa_project/src) by extension 'python_setup_py'
[0.596s] Level 1:colcon.colcon_core.package_identification:_identify(/home/xiaobaige/dual_iiwa_project/src/dual_iiwa_ros2) by extensions ['ignore', 'ignore_ament_install']
[0.596s] Level 1:colcon.colcon_core.package_identification:_identify(/home/xiaobaige/dual_iiwa_project/src/dual_iiwa_ros2) by extension 'ignore'
[0.596s] Level 1:colcon.colcon_core.package_identification:_identify(/home/xiaobaige/dual_iiwa_project/src/dual_iiwa_ros2) by extension 'ignore_ament_install'
[0.596s] Level 1:colcon.colcon_core.package_identification:_identify(/home/xiaobaige/dual_iiwa_project/src/dual_iiwa_ros2) by extensions ['colcon_pkg']
[0.596s] Level 1:colcon.colcon_core.package_identification:_identify(/home/xiaobaige/dual_iiwa_project/src/dual_iiwa_ros2) by extension 'colcon_pkg'
[0.596s] Level 1:colcon.colcon_core.package_identification:_identify(/home/xiaobaige/dual_iiwa_project/src/dual_iiwa_ros2) by extensions ['colcon_meta']
[0.596s] Level 1:colcon.colcon_core.package_identification:_identify(/home/xiaobaige/dual_iiwa_project/src/dual_iiwa_ros2) by extension 'colcon_meta'
[0.596s] Level 1:colcon.colcon_core.package_identification:_identify(/home/xiaobaige/dual_iiwa_project/src/dual_iiwa_ros2) by extensions ['ros']
[0.596s] Level 1:colcon.colcon_core.package_identification:_identify(/home/xiaobaige/dual_iiwa_project/src/dual_iiwa_ros2) by extension 'ros'
[0.596s] Level 1:colcon.colcon_core.package_identification:_identify(/home/xiaobaige/dual_iiwa_project/src/dual_iiwa_ros2) by extensions ['cmake', 'python']
[0.596s] Level 1:colcon.colcon_core.package_identification:_identify(/home/xiaobaige/dual_iiwa_project/src/dual_iiwa_ros2) by extension 'cmake'
[0.596s] Level 1:colcon.colcon_core.package_identification:_identify(/home/xiaobaige/dual_iiwa_project/src/dual_iiwa_ros2) by extension 'python'
[0.596s] Level 1:colcon.colcon_core.package_identification:_identify(/home/xiaobaige/dual_iiwa_project/src/dual_iiwa_ros2) by extensions ['python_setup_py']
[0.596s] Level 1:colcon.colcon_core.package_identification:_identify(/home/xiaobaige/dual_iiwa_project/src/dual_iiwa_ros2) by extension 'python_setup_py'
[0.596s] Level 1:colcon.colcon_core.package_identification:_identify(/home/xiaobaige/dual_iiwa_project/src/dual_iiwa_ros2/dual_iiwa_bringup) by extensions ['ignore', 'ignore_ament_install']
[0.596s] Level 1:colcon.colcon_core.package_identification:_identify(/home/xiaobaige/dual_iiwa_project/src/dual_iiwa_ros2/dual_iiwa_bringup) by extension 'ignore'
[0.596s] Level 1:colcon.colcon_core.package_identification:_identify(/home/xiaobaige/dual_iiwa_project/src/dual_iiwa_ros2/dual_iiwa_bringup) by extension 'ignore_ament_install'
[0.596s] Level 1:colcon.colcon_core.package_identification:_identify(/home/xiaobaige/dual_iiwa_project/src/dual_iiwa_ros2/dual_iiwa_bringup) by extensions ['colcon_pkg']
[0.596s] Level 1:colcon.colcon_core.package_identification:_identify(/home/xiaobaige/dual_iiwa_project/src/dual_iiwa_ros2/dual_iiwa_bringup) by extension 'colcon_pkg'
[0.596s] Level 1:colcon.colcon_core.package_identification:_identify(/home/xiaobaige/dual_iiwa_project/src/dual_iiwa_ros2/dual_iiwa_bringup) by extensions ['colcon_meta']
[0.596s] Level 1:colcon.colcon_core.package_identification:_identify(/home/xiaobaige/dual_iiwa_project/src/dual_iiwa_ros2/dual_iiwa_bringup) by extension 'colcon_meta'
[0.596s] Level 1:colcon.colcon_core.package_identification:_identify(/home/xiaobaige/dual_iiwa_project/src/dual_iiwa_ros2/dual_iiwa_bringup) by extensions ['ros']
[0.596s] Level 1:colcon.colcon_core.package_identification:_identify(/home/xiaobaige/dual_iiwa_project/src/dual_iiwa_ros2/dual_iiwa_bringup) by extension 'ros'
[0.598s] DEBUG:colcon.colcon_core.package_identification:Package '/home/xiaobaige/dual_iiwa_project/src/dual_iiwa_ros2/dual_iiwa_bringup' with type 'ros.ament_cmake' and name 'dual_iiwa_bringup'
[0.598s] Level 1:colcon.colcon_core.package_identification:_identify(/home/xiaobaige/dual_iiwa_project/src/dual_iiwa_ros2/dual_iiwa_description) by extensions ['ignore', 'ignore_ament_install']
[0.598s] Level 1:colcon.colcon_core.package_identification:_identify(/home/xiaobaige/dual_iiwa_project/src/dual_iiwa_ros2/dual_iiwa_description) by extension 'ignore'
[0.598s] Level 1:colcon.colcon_core.package_identification:_identify(/home/xiaobaige/dual_iiwa_project/src/dual_iiwa_ros2/dual_iiwa_description) by extension 'ignore_ament_install'
[0.598s] Level 1:colcon.colcon_core.package_identification:_identify(/home/xiaobaige/dual_iiwa_project/src/dual_iiwa_ros2/dual_iiwa_description) by extensions ['colcon_pkg']
[0.598s] Level 1:colcon.colcon_core.package_identification:_identify(/home/xiaobaige/dual_iiwa_project/src/dual_iiwa_ros2/dual_iiwa_description) by extension 'colcon_pkg'
[0.598s] Level 1:colcon.colcon_core.package_identification:_identify(/home/xiaobaige/dual_iiwa_project/src/dual_iiwa_ros2/dual_iiwa_description) by extensions ['colcon_meta']
[0.598s] Level 1:colcon.colcon_core.package_identification:_identify(/home/xiaobaige/dual_iiwa_project/src/dual_iiwa_ros2/dual_iiwa_description) by extension 'colcon_meta'
[0.598s] Level 1:colcon.colcon_core.package_identification:_identify(/home/xiaobaige/dual_iiwa_project/src/dual_iiwa_ros2/dual_iiwa_description) by extensions ['ros']
[0.598s] Level 1:colcon.colcon_core.package_identification:_identify(/home/xiaobaige/dual_iiwa_project/src/dual_iiwa_ros2/dual_iiwa_description) by extension 'ros'
[0.598s] DEBUG:colcon.colcon_core.package_identification:Package '/home/xiaobaige/dual_iiwa_project/src/dual_iiwa_ros2/dual_iiwa_description' with type 'ros.ament_cmake' and name 'dual_iiwa_description'
[0.598s] Level 1:colcon.colcon_core.package_identification:_identify(/home/xiaobaige/dual_iiwa_project/src/libs) by extensions ['ignore', 'ignore_ament_install']
[0.598s] Level 1:colcon.colcon_core.package_identification:_identify(/home/xiaobaige/dual_iiwa_project/src/libs) by extension 'ignore'
[0.598s] Level 1:colcon.colcon_core.package_identification:_identify(/home/xiaobaige/dual_iiwa_project/src/libs) by extension 'ignore_ament_install'
[0.598s] Level 1:colcon.colcon_core.package_identification:_identify(/home/xiaobaige/dual_iiwa_project/src/libs) by extensions ['colcon_pkg']
[0.598s] Level 1:colcon.colcon_core.package_identification:_identify(/home/xiaobaige/dual_iiwa_project/src/libs) by extension 'colcon_pkg'
[0.598s] Level 1:colcon.colcon_core.package_identification:_identify(/home/xiaobaige/dual_iiwa_project/src/libs) by extensions ['colcon_meta']
[0.598s] Level 1:colcon.colcon_core.package_identification:_identify(/home/xiaobaige/dual_iiwa_project/src/libs) by extension 'colcon_meta'
[0.598s] Level 1:colcon.colcon_core.package_identification:_identify(/home/xiaobaige/dual_iiwa_project/src/libs) by extensions ['ros']
[0.598s] Level 1:colcon.colcon_core.package_identification:_identify(/home/xiaobaige/dual_iiwa_project/src/libs) by extension 'ros'
[0.598s] Level 1:colcon.colcon_core.package_identification:_identify(/home/xiaobaige/dual_iiwa_project/src/libs) by extensions ['cmake', 'python']
[0.598s] Level 1:colcon.colcon_core.package_identification:_identify(/home/xiaobaige/dual_iiwa_project/src/libs) by extension 'cmake'
[0.598s] Level 1:colcon.colcon_core.package_identification:_identify(/home/xiaobaige/dual_iiwa_project/src/libs) by extension 'python'
[0.599s] Level 1:colcon.colcon_core.package_identification:_identify(/home/xiaobaige/dual_iiwa_project/src/libs) by extensions ['python_setup_py']
[0.599s] Level 1:colcon.colcon_core.package_identification:_identify(/home/xiaobaige/dual_iiwa_project/src/libs) by extension 'python_setup_py'
[0.599s] Level 1:colcon.colcon_core.package_identification:_identify(/home/xiaobaige/dual_iiwa_project/src/libs/iiwa_ros2) by extensions ['ignore', 'ignore_ament_install']
[0.599s] Level 1:colcon.colcon_core.package_identification:_identify(/home/xiaobaige/dual_iiwa_project/src/libs/iiwa_ros2) by extension 'ignore'
[0.599s] Level 1:colcon.colcon_core.package_identification:_identify(/home/xiaobaige/dual_iiwa_project/src/libs/iiwa_ros2) by extension 'ignore_ament_install'
[0.599s] Level 1:colcon.colcon_core.package_identification:_identify(/home/xiaobaige/dual_iiwa_project/src/libs/iiwa_ros2) by extensions ['colcon_pkg']
[0.599s] Level 1:colcon.colcon_core.package_identification:_identify(/home/xiaobaige/dual_iiwa_project/src/libs/iiwa_ros2) by extension 'colcon_pkg'
[0.599s] Level 1:colcon.colcon_core.package_identification:_identify(/home/xiaobaige/dual_iiwa_project/src/libs/iiwa_ros2) by extensions ['colcon_meta']
[0.599s] Level 1:colcon.colcon_core.package_identification:_identify(/home/xiaobaige/dual_iiwa_project/src/libs/iiwa_ros2) by extension 'colcon_meta'
[0.599s] Level 1:colcon.colcon_core.package_identification:_identify(/home/xiaobaige/dual_iiwa_project/src/libs/iiwa_ros2) by extensions ['ros']
[0.599s] Level 1:colcon.colcon_core.package_identification:_identify(/home/xiaobaige/dual_iiwa_project/src/libs/iiwa_ros2) by extension 'ros'
[0.599s] Level 1:colcon.colcon_core.package_identification:_identify(/home/xiaobaige/dual_iiwa_project/src/libs/iiwa_ros2) by extensions ['cmake', 'python']
[0.599s] Level 1:colcon.colcon_core.package_identification:_identify(/home/xiaobaige/dual_iiwa_project/src/libs/iiwa_ros2) by extension 'cmake'
[0.599s] Level 1:colcon.colcon_core.package_identification:_identify(/home/xiaobaige/dual_iiwa_project/src/libs/iiwa_ros2) by extension 'python'
[0.599s] Level 1:colcon.colcon_core.package_identification:_identify(/home/xiaobaige/dual_iiwa_project/src/libs/iiwa_ros2) by extensions ['python_setup_py']
[0.599s] Level 1:colcon.colcon_core.package_identification:_identify(/home/xiaobaige/dual_iiwa_project/src/libs/iiwa_ros2) by extension 'python_setup_py'
[0.599s] Level 1:colcon.colcon_core.package_identification:_identify(/home/xiaobaige/dual_iiwa_project/src/libs/iiwa_ros2/iiwa_bringup) by extensions ['ignore', 'ignore_ament_install']
[0.599s] Level 1:colcon.colcon_core.package_identification:_identify(/home/xiaobaige/dual_iiwa_project/src/libs/iiwa_ros2/iiwa_bringup) by extension 'ignore'
[0.599s] Level 1:colcon.colcon_core.package_identification:_identify(/home/xiaobaige/dual_iiwa_project/src/libs/iiwa_ros2/iiwa_bringup) by extension 'ignore_ament_install'
[0.599s] Level 1:colcon.colcon_core.package_identification:_identify(/home/xiaobaige/dual_iiwa_project/src/libs/iiwa_ros2/iiwa_bringup) by extensions ['colcon_pkg']
[0.599s] Level 1:colcon.colcon_core.package_identification:_identify(/home/xiaobaige/dual_iiwa_project/src/libs/iiwa_ros2/iiwa_bringup) by extension 'colcon_pkg'
[0.599s] Level 1:colcon.colcon_core.package_identification:_identify(/home/xiaobaige/dual_iiwa_project/src/libs/iiwa_ros2/iiwa_bringup) by extensions ['colcon_meta']
[0.599s] Level 1:colcon.colcon_core.package_identification:_identify(/home/xiaobaige/dual_iiwa_project/src/libs/iiwa_ros2/iiwa_bringup) by extension 'colcon_meta'
[0.599s] Level 1:colcon.colcon_core.package_identification:_identify(/home/xiaobaige/dual_iiwa_project/src/libs/iiwa_ros2/iiwa_bringup) by extensions ['ros']
[0.599s] Level 1:colcon.colcon_core.package_identification:_identify(/home/xiaobaige/dual_iiwa_project/src/libs/iiwa_ros2/iiwa_bringup) by extension 'ros'
[0.599s] DEBUG:colcon.colcon_core.package_identification:Package '/home/xiaobaige/dual_iiwa_project/src/libs/iiwa_ros2/iiwa_bringup' with type 'ros.ament_cmake' and name 'iiwa_bringup'
[0.599s] Level 1:colcon.colcon_core.package_identification:_identify(/home/xiaobaige/dual_iiwa_project/src/libs/iiwa_ros2/iiwa_controllers) by extensions ['ignore', 'ignore_ament_install']
[0.600s] Level 1:colcon.colcon_core.package_identification:_identify(/home/xiaobaige/dual_iiwa_project/src/libs/iiwa_ros2/iiwa_controllers) by extension 'ignore'
[0.600s] Level 1:colcon.colcon_core.package_identification:_identify(/home/xiaobaige/dual_iiwa_project/src/libs/iiwa_ros2/iiwa_controllers) by extension 'ignore_ament_install'
[0.600s] Level 1:colcon.colcon_core.package_identification:_identify(/home/xiaobaige/dual_iiwa_project/src/libs/iiwa_ros2/iiwa_controllers) by extensions ['colcon_pkg']
[0.600s] Level 1:colcon.colcon_core.package_identification:_identify(/home/xiaobaige/dual_iiwa_project/src/libs/iiwa_ros2/iiwa_controllers) by extension 'colcon_pkg'
[0.600s] Level 1:colcon.colcon_core.package_identification:_identify(/home/xiaobaige/dual_iiwa_project/src/libs/iiwa_ros2/iiwa_controllers) by extensions ['colcon_meta']
[0.600s] Level 1:colcon.colcon_core.package_identification:_identify(/home/xiaobaige/dual_iiwa_project/src/libs/iiwa_ros2/iiwa_controllers) by extension 'colcon_meta'
[0.600s] Level 1:colcon.colcon_core.package_identification:_identify(/home/xiaobaige/dual_iiwa_project/src/libs/iiwa_ros2/iiwa_controllers) by extensions ['ros']
[0.600s] Level 1:colcon.colcon_core.package_identification:_identify(/home/xiaobaige/dual_iiwa_project/src/libs/iiwa_ros2/iiwa_controllers) by extension 'ros'
[0.600s] Level 1:colcon.colcon_core.package_identification:_identify(/home/xiaobaige/dual_iiwa_project/src/libs/iiwa_ros2/iiwa_controllers) by extensions ['cmake', 'python']
[0.600s] Level 1:colcon.colcon_core.package_identification:_identify(/home/xiaobaige/dual_iiwa_project/src/libs/iiwa_ros2/iiwa_controllers) by extension 'cmake'
[0.600s] Level 1:colcon.colcon_core.package_identification:_identify(/home/xiaobaige/dual_iiwa_project/src/libs/iiwa_ros2/iiwa_controllers) by extension 'python'
[0.600s] Level 1:colcon.colcon_core.package_identification:_identify(/home/xiaobaige/dual_iiwa_project/src/libs/iiwa_ros2/iiwa_controllers) by extensions ['python_setup_py']
[0.600s] Level 1:colcon.colcon_core.package_identification:_identify(/home/xiaobaige/dual_iiwa_project/src/libs/iiwa_ros2/iiwa_controllers) by extension 'python_setup_py'
[0.600s] Level 1:colcon.colcon_core.package_identification:_identify(/home/xiaobaige/dual_iiwa_project/src/libs/iiwa_ros2/iiwa_controllers/admittance_controller) by extensions ['ignore', 'ignore_ament_install']
[0.600s] Level 1:colcon.colcon_core.package_identification:_identify(/home/xiaobaige/dual_iiwa_project/src/libs/iiwa_ros2/iiwa_controllers/admittance_controller) by extension 'ignore'
[0.600s] Level 1:colcon.colcon_core.package_identification:_identify(/home/xiaobaige/dual_iiwa_project/src/libs/iiwa_ros2/iiwa_controllers/admittance_controller) by extension 'ignore_ament_install'
[0.600s] Level 1:colcon.colcon_core.package_identification:_identify(/home/xiaobaige/dual_iiwa_project/src/libs/iiwa_ros2/iiwa_controllers/admittance_controller) by extensions ['colcon_pkg']
[0.600s] Level 1:colcon.colcon_core.package_identification:_identify(/home/xiaobaige/dual_iiwa_project/src/libs/iiwa_ros2/iiwa_controllers/admittance_controller) by extension 'colcon_pkg'
[0.600s] Level 1:colcon.colcon_core.package_identification:_identify(/home/xiaobaige/dual_iiwa_project/src/libs/iiwa_ros2/iiwa_controllers/admittance_controller) by extensions ['colcon_meta']
[0.600s] Level 1:colcon.colcon_core.package_identification:_identify(/home/xiaobaige/dual_iiwa_project/src/libs/iiwa_ros2/iiwa_controllers/admittance_controller) by extension 'colcon_meta'
[0.600s] Level 1:colcon.colcon_core.package_identification:_identify(/home/xiaobaige/dual_iiwa_project/src/libs/iiwa_ros2/iiwa_controllers/admittance_controller) by extensions ['ros']
[0.600s] Level 1:colcon.colcon_core.package_identification:_identify(/home/xiaobaige/dual_iiwa_project/src/libs/iiwa_ros2/iiwa_controllers/admittance_controller) by extension 'ros'
[0.600s] Level 1:colcon.colcon_core.package_identification:_identify(/home/xiaobaige/dual_iiwa_project/src/libs/iiwa_ros2/iiwa_controllers/admittance_controller) ignored
[0.600s] Level 1:colcon.colcon_core.package_identification:_identify(/home/xiaobaige/dual_iiwa_project/src/libs/iiwa_ros2/iiwa_controllers/external_torque_sensor_broadcaster) by extensions ['ignore', 'ignore_ament_install']
[0.600s] Level 1:colcon.colcon_core.package_identification:_identify(/home/xiaobaige/dual_iiwa_project/src/libs/iiwa_ros2/iiwa_controllers/external_torque_sensor_broadcaster) by extension 'ignore'
[0.600s] Level 1:colcon.colcon_core.package_identification:_identify(/home/xiaobaige/dual_iiwa_project/src/libs/iiwa_ros2/iiwa_controllers/external_torque_sensor_broadcaster) by extension 'ignore_ament_install'
[0.600s] Level 1:colcon.colcon_core.package_identification:_identify(/home/xiaobaige/dual_iiwa_project/src/libs/iiwa_ros2/iiwa_controllers/external_torque_sensor_broadcaster) by extensions ['colcon_pkg']
[0.600s] Level 1:colcon.colcon_core.package_identification:_identify(/home/xiaobaige/dual_iiwa_project/src/libs/iiwa_ros2/iiwa_controllers/external_torque_sensor_broadcaster) by extension 'colcon_pkg'
[0.600s] Level 1:colcon.colcon_core.package_identification:_identify(/home/xiaobaige/dual_iiwa_project/src/libs/iiwa_ros2/iiwa_controllers/external_torque_sensor_broadcaster) by extensions ['colcon_meta']
[0.600s] Level 1:colcon.colcon_core.package_identification:_identify(/home/xiaobaige/dual_iiwa_project/src/libs/iiwa_ros2/iiwa_controllers/external_torque_sensor_broadcaster) by extension 'colcon_meta'
[0.600s] Level 1:colcon.colcon_core.package_identification:_identify(/home/xiaobaige/dual_iiwa_project/src/libs/iiwa_ros2/iiwa_controllers/external_torque_sensor_broadcaster) by extensions ['ros']
[0.600s] Level 1:colcon.colcon_core.package_identification:_identify(/home/xiaobaige/dual_iiwa_project/src/libs/iiwa_ros2/iiwa_controllers/external_torque_sensor_broadcaster) by extension 'ros'
[0.601s] DEBUG:colcon.colcon_core.package_identification:Package '/home/xiaobaige/dual_iiwa_project/src/libs/iiwa_ros2/iiwa_controllers/external_torque_sensor_broadcaster' with type 'ros.ament_cmake' and name 'external_torque_sensor_broadcaster'
[0.601s] Level 1:colcon.colcon_core.package_identification:_identify(/home/xiaobaige/dual_iiwa_project/src/libs/iiwa_ros2/iiwa_controllers/impedance_controller) by extensions ['ignore', 'ignore_ament_install']
[0.601s] Level 1:colcon.colcon_core.package_identification:_identify(/home/xiaobaige/dual_iiwa_project/src/libs/iiwa_ros2/iiwa_controllers/impedance_controller) by extension 'ignore'
[0.601s] Level 1:colcon.colcon_core.package_identification:_identify(/home/xiaobaige/dual_iiwa_project/src/libs/iiwa_ros2/iiwa_controllers/impedance_controller) by extension 'ignore_ament_install'
[0.601s] Level 1:colcon.colcon_core.package_identification:_identify(/home/xiaobaige/dual_iiwa_project/src/libs/iiwa_ros2/iiwa_controllers/impedance_controller) by extensions ['colcon_pkg']
[0.601s] Level 1:colcon.colcon_core.package_identification:_identify(/home/xiaobaige/dual_iiwa_project/src/libs/iiwa_ros2/iiwa_controllers/impedance_controller) by extension 'colcon_pkg'
[0.601s] Level 1:colcon.colcon_core.package_identification:_identify(/home/xiaobaige/dual_iiwa_project/src/libs/iiwa_ros2/iiwa_controllers/impedance_controller) by extensions ['colcon_meta']
[0.601s] Level 1:colcon.colcon_core.package_identification:_identify(/home/xiaobaige/dual_iiwa_project/src/libs/iiwa_ros2/iiwa_controllers/impedance_controller) by extension 'colcon_meta'
[0.601s] Level 1:colcon.colcon_core.package_identification:_identify(/home/xiaobaige/dual_iiwa_project/src/libs/iiwa_ros2/iiwa_controllers/impedance_controller) by extensions ['ros']
[0.601s] Level 1:colcon.colcon_core.package_identification:_identify(/home/xiaobaige/dual_iiwa_project/src/libs/iiwa_ros2/iiwa_controllers/impedance_controller) by extension 'ros'
[0.601s] DEBUG:colcon.colcon_core.package_identification:Package '/home/xiaobaige/dual_iiwa_project/src/libs/iiwa_ros2/iiwa_controllers/impedance_controller' with type 'ros.ament_cmake' and name 'impedance_controller'
[0.601s] Level 1:colcon.colcon_core.package_identification:_identify(/home/xiaobaige/dual_iiwa_project/src/libs/iiwa_ros2/iiwa_description) by extensions ['ignore', 'ignore_ament_install']
[0.601s] Level 1:colcon.colcon_core.package_identification:_identify(/home/xiaobaige/dual_iiwa_project/src/libs/iiwa_ros2/iiwa_description) by extension 'ignore'
[0.601s] Level 1:colcon.colcon_core.package_identification:_identify(/home/xiaobaige/dual_iiwa_project/src/libs/iiwa_ros2/iiwa_description) by extension 'ignore_ament_install'
[0.602s] Level 1:colcon.colcon_core.package_identification:_identify(/home/xiaobaige/dual_iiwa_project/src/libs/iiwa_ros2/iiwa_description) by extensions ['colcon_pkg']
[0.602s] Level 1:colcon.colcon_core.package_identification:_identify(/home/xiaobaige/dual_iiwa_project/src/libs/iiwa_ros2/iiwa_description) by extension 'colcon_pkg'
[0.602s] Level 1:colcon.colcon_core.package_identification:_identify(/home/xiaobaige/dual_iiwa_project/src/libs/iiwa_ros2/iiwa_description) by extensions ['colcon_meta']
[0.602s] Level 1:colcon.colcon_core.package_identification:_identify(/home/xiaobaige/dual_iiwa_project/src/libs/iiwa_ros2/iiwa_description) by extension 'colcon_meta'
[0.602s] Level 1:colcon.colcon_core.package_identification:_identify(/home/xiaobaige/dual_iiwa_project/src/libs/iiwa_ros2/iiwa_description) by extensions ['ros']
[0.602s] Level 1:colcon.colcon_core.package_identification:_identify(/home/xiaobaige/dual_iiwa_project/src/libs/iiwa_ros2/iiwa_description) by extension 'ros'
[0.602s] DEBUG:colcon.colcon_core.package_identification:Package '/home/xiaobaige/dual_iiwa_project/src/libs/iiwa_ros2/iiwa_description' with type 'ros.ament_cmake' and name 'iiwa_description'
[0.602s] Level 1:colcon.colcon_core.package_identification:_identify(/home/xiaobaige/dual_iiwa_project/src/libs/iiwa_ros2/iiwa_hardware) by extensions ['ignore', 'ignore_ament_install']
[0.602s] Level 1:colcon.colcon_core.package_identification:_identify(/home/xiaobaige/dual_iiwa_project/src/libs/iiwa_ros2/iiwa_hardware) by extension 'ignore'
[0.602s] Level 1:colcon.colcon_core.package_identification:_identify(/home/xiaobaige/dual_iiwa_project/src/libs/iiwa_ros2/iiwa_hardware) by extension 'ignore_ament_install'
[0.602s] Level 1:colcon.colcon_core.package_identification:_identify(/home/xiaobaige/dual_iiwa_project/src/libs/iiwa_ros2/iiwa_hardware) by extensions ['colcon_pkg']
[0.602s] Level 1:colcon.colcon_core.package_identification:_identify(/home/xiaobaige/dual_iiwa_project/src/libs/iiwa_ros2/iiwa_hardware) by extension 'colcon_pkg'
[0.602s] Level 1:colcon.colcon_core.package_identification:_identify(/home/xiaobaige/dual_iiwa_project/src/libs/iiwa_ros2/iiwa_hardware) by extensions ['colcon_meta']
[0.602s] Level 1:colcon.colcon_core.package_identification:_identify(/home/xiaobaige/dual_iiwa_project/src/libs/iiwa_ros2/iiwa_hardware) by extension 'colcon_meta'
[0.602s] Level 1:colcon.colcon_core.package_identification:_identify(/home/xiaobaige/dual_iiwa_project/src/libs/iiwa_ros2/iiwa_hardware) by extensions ['ros']
[0.602s] Level 1:colcon.colcon_core.package_identification:_identify(/home/xiaobaige/dual_iiwa_project/src/libs/iiwa_ros2/iiwa_hardware) by extension 'ros'
[0.602s] DEBUG:colcon.colcon_core.package_identification:Package '/home/xiaobaige/dual_iiwa_project/src/libs/iiwa_ros2/iiwa_hardware' with type 'ros.ament_cmake' and name 'iiwa_hardware'
[0.602s] Level 1:colcon.colcon_core.package_identification:_identify(/home/xiaobaige/dual_iiwa_project/src/libs/iiwa_ros2/iiwa_moveit2) by extensions ['ignore', 'ignore_ament_install']
[0.602s] Level 1:colcon.colcon_core.package_identification:_identify(/home/xiaobaige/dual_iiwa_project/src/libs/iiwa_ros2/iiwa_moveit2) by extension 'ignore'
[0.603s] Level 1:colcon.colcon_core.package_identification:_identify(/home/xiaobaige/dual_iiwa_project/src/libs/iiwa_ros2/iiwa_moveit2) by extension 'ignore_ament_install'
[0.603s] Level 1:colcon.colcon_core.package_identification:_identify(/home/xiaobaige/dual_iiwa_project/src/libs/iiwa_ros2/iiwa_moveit2) by extensions ['colcon_pkg']
[0.603s] Level 1:colcon.colcon_core.package_identification:_identify(/home/xiaobaige/dual_iiwa_project/src/libs/iiwa_ros2/iiwa_moveit2) by extension 'colcon_pkg'
[0.603s] Level 1:colcon.colcon_core.package_identification:_identify(/home/xiaobaige/dual_iiwa_project/src/libs/iiwa_ros2/iiwa_moveit2) by extensions ['colcon_meta']
[0.603s] Level 1:colcon.colcon_core.package_identification:_identify(/home/xiaobaige/dual_iiwa_project/src/libs/iiwa_ros2/iiwa_moveit2) by extension 'colcon_meta'
[0.603s] Level 1:colcon.colcon_core.package_identification:_identify(/home/xiaobaige/dual_iiwa_project/src/libs/iiwa_ros2/iiwa_moveit2) by extensions ['ros']
[0.603s] Level 1:colcon.colcon_core.package_identification:_identify(/home/xiaobaige/dual_iiwa_project/src/libs/iiwa_ros2/iiwa_moveit2) by extension 'ros'
[0.603s] DEBUG:colcon.colcon_core.package_identification:Package '/home/xiaobaige/dual_iiwa_project/src/libs/iiwa_ros2/iiwa_moveit2' with type 'ros.ament_cmake' and name 'iiwa_moveit2'
[0.603s] Level 1:colcon.colcon_core.package_identification:_identify(/home/xiaobaige/dual_iiwa_project/src/libs/iiwa_ros2/iiwa_sunrise) by extensions ['ignore', 'ignore_ament_install']
[0.603s] Level 1:colcon.colcon_core.package_identification:_identify(/home/xiaobaige/dual_iiwa_project/src/libs/iiwa_ros2/iiwa_sunrise) by extension 'ignore'
[0.603s] Level 1:colcon.colcon_core.package_identification:_identify(/home/xiaobaige/dual_iiwa_project/src/libs/iiwa_ros2/iiwa_sunrise) by extension 'ignore_ament_install'
[0.603s] Level 1:colcon.colcon_core.package_identification:_identify(/home/xiaobaige/dual_iiwa_project/src/libs/iiwa_ros2/iiwa_sunrise) by extensions ['colcon_pkg']
[0.603s] Level 1:colcon.colcon_core.package_identification:_identify(/home/xiaobaige/dual_iiwa_project/src/libs/iiwa_ros2/iiwa_sunrise) by extension 'colcon_pkg'
[0.603s] Level 1:colcon.colcon_core.package_identification:_identify(/home/xiaobaige/dual_iiwa_project/src/libs/iiwa_ros2/iiwa_sunrise) by extensions ['colcon_meta']
[0.603s] Level 1:colcon.colcon_core.package_identification:_identify(/home/xiaobaige/dual_iiwa_project/src/libs/iiwa_ros2/iiwa_sunrise) by extension 'colcon_meta'
[0.603s] Level 1:colcon.colcon_core.package_identification:_identify(/home/xiaobaige/dual_iiwa_project/src/libs/iiwa_ros2/iiwa_sunrise) by extensions ['ros']
[0.603s] Level 1:colcon.colcon_core.package_identification:_identify(/home/xiaobaige/dual_iiwa_project/src/libs/iiwa_ros2/iiwa_sunrise) by extension 'ros'
[0.603s] Level 1:colcon.colcon_core.package_identification:_identify(/home/xiaobaige/dual_iiwa_project/src/libs/iiwa_ros2/iiwa_sunrise) ignored
[0.603s] Level 1:colcon.colcon_core.package_discovery:discover_packages(recursive) using defaults
