-- The C compiler identification is GNU 11.4.0
-- The CXX compiler identification is GNU 11.4.0
-- Detecting C compiler ABI info
-- Detecting C compiler ABI info - done
-- Check for working C compiler: /usr/bin/cc - skipped
-- Detecting C compile features
-- Detecting C compile features - done
-- Detecting CXX compiler ABI info
-- Detecting CXX compiler ABI info - done
-- Check for working CXX compiler: /usr/bin/c++ - skipped
-- Detecting CXX compile features
-- Detecting CXX compile features - done
-- Found ament_cmake: 1.3.5 (/opt/ros/humble/share/ament_cmake/cmake)
-- Found Python3: /usr/bin/python3.10 (found version "3.10.12") found components: Interpreter 
-- Override CMake install command with custom implementation using symlinks instead of copying resources
-- Found hardware_interface: 2.32.0 (/opt/ros/humble/share/hardware_interface/cmake)
-- Found rosidl_generator_c: 3.1.5 (/opt/ros/humble/share/rosidl_generator_c/cmake)
-- Found rosidl_adapter: 3.1.5 (/opt/ros/humble/share/rosidl_adapter/cmake)
-- Found rosidl_generator_cpp: 3.1.5 (/opt/ros/humble/share/rosidl_generator_cpp/cmake)
-- Using all available rosidl_typesupport_c: rosidl_typesupport_fastrtps_c;rosidl_typesupport_introspection_c
-- Using all available rosidl_typesupport_cpp: rosidl_typesupport_fastrtps_cpp;rosidl_typesupport_introspection_cpp
-- Found rmw_implementation_cmake: 6.1.1 (/opt/ros/humble/share/rmw_implementation_cmake/cmake)
-- Found rmw_cyclonedds_cpp: 1.3.4 (/opt/ros/humble/share/rmw_cyclonedds_cpp/cmake)
-- Using RMW implementation 'rmw_cyclonedds_cpp' as default
-- Looking for pthread.h
-- Looking for pthread.h - found
-- Performing Test CMAKE_HAVE_LIBC_PTHREAD
-- Performing Test CMAKE_HAVE_LIBC_PTHREAD - Success
-- Found Threads: TRUE  
-- Found ament_cmake_gtest: 1.3.5 (/opt/ros/humble/share/ament_cmake_gtest/cmake)
-- Found ament_lint_auto: 0.12.8 (/opt/ros/humble/share/ament_lint_auto/cmake)
-- Configuring done
-- Generating done
-- Build files have been written to: /home/xiaobaige/dual_iiwa_project/build/iiwa_hardware
[  6%] [32mBuilding CXX object CMakeFiles/iiwa_hardware.dir/external/libFRI/src/client_lbr/friLBRClient.cpp.o[0m
[ 20%] [32mBuilding CXX object CMakeFiles/iiwa_hardware.dir/external/libFRI/src/base/friClientApplication.cpp.o[0m
[ 20%] [32mBuilding CXX object CMakeFiles/iiwa_hardware.dir/src/IiwaFRIHardwareInterface.cpp.o[0m
[ 26%] [32mBuilding C object CMakeFiles/iiwa_hardware.dir/external/libFRI/src/protobuf_gen/FRIMessages.pb.c.o[0m
[ 40%] [32mBuilding CXX object CMakeFiles/iiwa_hardware.dir/external/libFRI/src/client_lbr/friLBRState.cpp.o[0m
[ 40%] [32mBuilding CXX object CMakeFiles/iiwa_hardware.dir/external/libFRI/src/client_lbr/friLBRCommand.cpp.o[0m
[ 46%] [32mBuilding CXX object CMakeFiles/iiwa_hardware.dir/external/libFRI/src/connection/friUdpConnection.cpp.o[0m
[ 60%] [32mBuilding CXX object CMakeFiles/iiwa_hardware.dir/external/libFRI/src/protobuf/friMonitoringMessageDecoder.cpp.o[0m
[ 60%] [32mBuilding C object CMakeFiles/iiwa_hardware.dir/external/libFRI/src/nanopb-0.2.8/pb_decode.c.o[0m
[ 66%] [32mBuilding CXX object CMakeFiles/iiwa_hardware.dir/external/libFRI/src/protobuf/friCommandMessageEncoder.cpp.o[0m
[ 73%] [32mBuilding C object CMakeFiles/iiwa_hardware.dir/external/libFRI/src/protobuf/pb_frimessages_callbacks.c.o[0m
[ 80%] [32mBuilding CXX object CMakeFiles/iiwa_hardware.dir/src/IRDFClient.cpp.o[0m
[ 86%] [32mBuilding C object CMakeFiles/iiwa_hardware.dir/external/libFRI/src/nanopb-0.2.8/pb_encode.c.o[0m
[ 93%] [32mBuilding CXX object CMakeFiles/iiwa_hardware.dir/external/libFRI/src/client_trafo/friTransformationClient.cpp.o[0m
[100%] [32m[1mLinking CXX shared library libiiwa_hardware.so[0m
[100%] Built target iiwa_hardware
-- Install configuration: ""
-- Execute custom install script
-- Symlinking: /home/xiaobaige/dual_iiwa_project/install/iiwa_hardware/share/iiwa_hardware//iiwa_hardware_interface_plugin.xml
-- Symlinking: /home/xiaobaige/dual_iiwa_project/install/iiwa_hardware/lib/libiiwa_hardware.so
-- Symlinking: /home/xiaobaige/dual_iiwa_project/install/iiwa_hardware/include/iiwa_hardware/IRDFClient.h
-- Symlinking: /home/xiaobaige/dual_iiwa_project/install/iiwa_hardware/include/iiwa_hardware/IiwaFRIHardwareInterface.hpp
-- Symlinking: /home/xiaobaige/dual_iiwa_project/install/iiwa_hardware/include/iiwa_hardware/low_pass_filter.h
-- Symlinking: /home/xiaobaige/dual_iiwa_project/install/iiwa_hardware/include/iiwa_hardware/visibility_control.h
-- Symlinking: /home/xiaobaige/dual_iiwa_project/install/iiwa_hardware/share/iiwa_hardware/environment/library_path.sh
-- Symlinking: /home/xiaobaige/dual_iiwa_project/install/iiwa_hardware/share/iiwa_hardware/environment/library_path.dsv
-- Symlinking: /home/xiaobaige/dual_iiwa_project/install/iiwa_hardware/share/ament_index/resource_index/package_run_dependencies/iiwa_hardware
-- Symlinking: /home/xiaobaige/dual_iiwa_project/install/iiwa_hardware/share/ament_index/resource_index/parent_prefix_path/iiwa_hardware
-- Symlinking: /home/xiaobaige/dual_iiwa_project/install/iiwa_hardware/share/iiwa_hardware/environment/ament_prefix_path.sh
-- Symlinking: /home/xiaobaige/dual_iiwa_project/install/iiwa_hardware/share/iiwa_hardware/environment/ament_prefix_path.dsv
-- Symlinking: /home/xiaobaige/dual_iiwa_project/install/iiwa_hardware/share/iiwa_hardware/environment/path.sh
-- Symlinking: /home/xiaobaige/dual_iiwa_project/install/iiwa_hardware/share/iiwa_hardware/environment/path.dsv
-- Symlinking: /home/xiaobaige/dual_iiwa_project/install/iiwa_hardware/share/iiwa_hardware/local_setup.bash
-- Symlinking: /home/xiaobaige/dual_iiwa_project/install/iiwa_hardware/share/iiwa_hardware/local_setup.sh
-- Symlinking: /home/xiaobaige/dual_iiwa_project/install/iiwa_hardware/share/iiwa_hardware/local_setup.zsh
-- Symlinking: /home/xiaobaige/dual_iiwa_project/install/iiwa_hardware/share/iiwa_hardware/local_setup.dsv
-- Symlinking: /home/xiaobaige/dual_iiwa_project/install/iiwa_hardware/share/iiwa_hardware/package.dsv
-- Symlinking: /home/xiaobaige/dual_iiwa_project/install/iiwa_hardware/share/ament_index/resource_index/packages/iiwa_hardware
-- Symlinking: /home/xiaobaige/dual_iiwa_project/install/iiwa_hardware/share/ament_index/resource_index/hardware_interface__pluginlib__plugin/iiwa_hardware
-- Symlinking: /home/xiaobaige/dual_iiwa_project/install/iiwa_hardware/share/iiwa_hardware/cmake/ament_cmake_export_include_directories-extras.cmake
-- Symlinking: /home/xiaobaige/dual_iiwa_project/install/iiwa_hardware/share/iiwa_hardware/cmake/ament_cmake_export_libraries-extras.cmake
-- Symlinking: /home/xiaobaige/dual_iiwa_project/install/iiwa_hardware/share/iiwa_hardware/cmake/ament_cmake_export_dependencies-extras.cmake
-- Symlinking: /home/xiaobaige/dual_iiwa_project/install/iiwa_hardware/share/iiwa_hardware/cmake/iiwa_hardwareConfig.cmake
-- Symlinking: /home/xiaobaige/dual_iiwa_project/install/iiwa_hardware/share/iiwa_hardware/cmake/iiwa_hardwareConfig-version.cmake
-- Symlinking: /home/xiaobaige/dual_iiwa_project/install/iiwa_hardware/share/iiwa_hardware/package.xml
