[0.039s] Invoking command in '/home/xiaobaige/dual_iiwa_project/build/iiwa_hardware': AMENT_PREFIX_PATH=/home/xiaobaige/dual_iiwa_project/install/iiwa_bringup:/home/xiaobaige/dual_iiwa_project/install/iiwa_description:${AMENT_PREFIX_PATH} CMAKE_PREFIX_PATH=/home/xiaobaige/dual_iiwa_project/install/iiwa_bringup:/home/xiaobaige/dual_iiwa_project/install/iiwa_description:/home/xiaobaige/ros2_ws/install/moveit_task_constructor_visualization:/home/xiaobaige/ros2_ws/install/moveit_task_constructor_demo:/home/xiaobaige/ros2_ws/install/moveit_task_constructor_capabilities:/home/xiaobaige/ros2_ws/install/moveit2_tutorials:/home/xiaobaige/ros2_ws/install/moveit_task_constructor_core:/home/xiaobaige/ros2_ws/install/rviz_marker_tools:/home/xiaobaige/ros2_ws/install/moveit_task_constructor_msgs:/home/xiaobaige/ros2_ws/install/impedance_controller:/home/xiaobaige/ros2_ws/install/iiwa_moveit2:/home/xiaobaige/ros2_ws/install/iiwa_hardware:/home/xiaobaige/ros2_ws/install/iiwa_bringup:/home/xiaobaige/ros2_ws/install/iiwa_description:/home/xiaobaige/ros2_ws/install/external_torque_sensor_broadcaster:/home/xiaobaige/UR5e_Vision_Assemble/install/bringup:/home/xiaobaige/UR5e_Vision_Assemble/install/ur_moveit_config:/home/xiaobaige/UR5e_Vision_Assemble/install/ur5e_gripper_control:/home/xiaobaige/UR5e_Vision_Assemble/install/dual_ur5e_gripper_moveit_config:/home/xiaobaige/UR5e_Vision_Assemble/install/ur5e_gripper_moveit_config:/home/xiaobaige/UR5e_Vision_Assemble/install/ur5e_gripper_description:/home/xiaobaige/UR5e_Vision_Assemble/install/ur_description:/home/xiaobaige/UR5e_Vision_Assemble/install/robotiq_moveit_config:/home/xiaobaige/UR5e_Vision_Assemble/install/robotiq_description:/home/xiaobaige/UR5e_Vision_Assemble/install/vision:/opt/ros/humble:/home/xiaobaige/UR5e_Vision_Assemble/install/realsense_gazebo_plugin:/home/xiaobaige/UR5e_Vision_Assemble/install/realsense2_description:/home/xiaobaige/UR5e_Vision_Assemble/install/realsense2_camera_msgs:/home/xiaobaige/UR5e_Vision_Assemble/install/gazebo_grasp_plugin_ros:/home/xiaobaige/UR5e_Vision_Assemble/install/gazebo_grasp_plugin:/home/xiaobaige/UR5e_Vision_Assemble/install/gazebo_version_helpers /usr/bin/cmake /home/xiaobaige/dual_iiwa_project/src/libs/iiwa_ros2/iiwa_hardware -DAMENT_CMAKE_SYMLINK_INSTALL=1 -DCMAKE_INSTALL_PREFIX=/home/xiaobaige/dual_iiwa_project/install/iiwa_hardware
[0.067s] -- The C compiler identification is GNU 11.4.0
[0.093s] -- The CXX compiler identification is GNU 11.4.0
[0.097s] -- Detecting C compiler ABI info
[0.132s] -- Detecting C compiler ABI info - done
[0.136s] -- Check for working C compiler: /usr/bin/cc - skipped
[0.136s] -- Detecting C compile features
[0.136s] -- Detecting C compile features - done
[0.138s] -- Detecting CXX compiler ABI info
[0.178s] -- Detecting CXX compiler ABI info - done
[0.182s] -- Check for working CXX compiler: /usr/bin/c++ - skipped
[0.182s] -- Detecting CXX compile features
[0.182s] -- Detecting CXX compile features - done
[0.184s] -- Found ament_cmake: 1.3.5 (/opt/ros/humble/share/ament_cmake/cmake)
[0.278s] -- Found Python3: /usr/bin/python3.10 (found version "3.10.12") found components: Interpreter 
[0.310s] -- Override CMake install command with custom implementation using symlinks instead of copying resources
[0.333s] -- Found hardware_interface: 2.32.0 (/opt/ros/humble/share/hardware_interface/cmake)
[0.362s] -- Found rosidl_generator_c: 3.1.5 (/opt/ros/humble/share/rosidl_generator_c/cmake)
[0.366s] -- Found rosidl_adapter: 3.1.5 (/opt/ros/humble/share/rosidl_adapter/cmake)
[0.372s] -- Found rosidl_generator_cpp: 3.1.5 (/opt/ros/humble/share/rosidl_generator_cpp/cmake)
[0.380s] -- Using all available rosidl_typesupport_c: rosidl_typesupport_fastrtps_c;rosidl_typesupport_introspection_c
[0.393s] -- Using all available rosidl_typesupport_cpp: rosidl_typesupport_fastrtps_cpp;rosidl_typesupport_introspection_cpp
[0.750s] -- Found rmw_implementation_cmake: 6.1.1 (/opt/ros/humble/share/rmw_implementation_cmake/cmake)
[0.753s] -- Found rmw_cyclonedds_cpp: 1.3.4 (/opt/ros/humble/share/rmw_cyclonedds_cpp/cmake)
[0.774s] -- Using RMW implementation 'rmw_cyclonedds_cpp' as default
[0.782s] -- Looking for pthread.h
[0.824s] -- Looking for pthread.h - found
[0.824s] -- Performing Test CMAKE_HAVE_LIBC_PTHREAD
[0.866s] -- Performing Test CMAKE_HAVE_LIBC_PTHREAD - Success
[0.867s] -- Found Threads: TRUE  
[0.991s] -- Found ament_cmake_gtest: 1.3.5 (/opt/ros/humble/share/ament_cmake_gtest/cmake)
[0.992s] -- Found ament_lint_auto: 0.12.8 (/opt/ros/humble/share/ament_lint_auto/cmake)
[1.032s] -- Configuring done
[1.044s] -- Generating done
[1.045s] -- Build files have been written to: /home/xiaobaige/dual_iiwa_project/build/iiwa_hardware
[1.051s] Invoked command in '/home/xiaobaige/dual_iiwa_project/build/iiwa_hardware' returned '0': AMENT_PREFIX_PATH=/home/xiaobaige/dual_iiwa_project/install/iiwa_bringup:/home/xiaobaige/dual_iiwa_project/install/iiwa_description:${AMENT_PREFIX_PATH} CMAKE_PREFIX_PATH=/home/xiaobaige/dual_iiwa_project/install/iiwa_bringup:/home/xiaobaige/dual_iiwa_project/install/iiwa_description:/home/xiaobaige/ros2_ws/install/moveit_task_constructor_visualization:/home/xiaobaige/ros2_ws/install/moveit_task_constructor_demo:/home/xiaobaige/ros2_ws/install/moveit_task_constructor_capabilities:/home/xiaobaige/ros2_ws/install/moveit2_tutorials:/home/xiaobaige/ros2_ws/install/moveit_task_constructor_core:/home/xiaobaige/ros2_ws/install/rviz_marker_tools:/home/xiaobaige/ros2_ws/install/moveit_task_constructor_msgs:/home/xiaobaige/ros2_ws/install/impedance_controller:/home/xiaobaige/ros2_ws/install/iiwa_moveit2:/home/xiaobaige/ros2_ws/install/iiwa_hardware:/home/xiaobaige/ros2_ws/install/iiwa_bringup:/home/xiaobaige/ros2_ws/install/iiwa_description:/home/xiaobaige/ros2_ws/install/external_torque_sensor_broadcaster:/home/xiaobaige/UR5e_Vision_Assemble/install/bringup:/home/xiaobaige/UR5e_Vision_Assemble/install/ur_moveit_config:/home/xiaobaige/UR5e_Vision_Assemble/install/ur5e_gripper_control:/home/xiaobaige/UR5e_Vision_Assemble/install/dual_ur5e_gripper_moveit_config:/home/xiaobaige/UR5e_Vision_Assemble/install/ur5e_gripper_moveit_config:/home/xiaobaige/UR5e_Vision_Assemble/install/ur5e_gripper_description:/home/xiaobaige/UR5e_Vision_Assemble/install/ur_description:/home/xiaobaige/UR5e_Vision_Assemble/install/robotiq_moveit_config:/home/xiaobaige/UR5e_Vision_Assemble/install/robotiq_description:/home/xiaobaige/UR5e_Vision_Assemble/install/vision:/opt/ros/humble:/home/xiaobaige/UR5e_Vision_Assemble/install/realsense_gazebo_plugin:/home/xiaobaige/UR5e_Vision_Assemble/install/realsense2_description:/home/xiaobaige/UR5e_Vision_Assemble/install/realsense2_camera_msgs:/home/xiaobaige/UR5e_Vision_Assemble/install/gazebo_grasp_plugin_ros:/home/xiaobaige/UR5e_Vision_Assemble/install/gazebo_grasp_plugin:/home/xiaobaige/UR5e_Vision_Assemble/install/gazebo_version_helpers /usr/bin/cmake /home/xiaobaige/dual_iiwa_project/src/libs/iiwa_ros2/iiwa_hardware -DAMENT_CMAKE_SYMLINK_INSTALL=1 -DCMAKE_INSTALL_PREFIX=/home/xiaobaige/dual_iiwa_project/install/iiwa_hardware
[1.051s] Invoking command in '/home/xiaobaige/dual_iiwa_project/build/iiwa_hardware': AMENT_PREFIX_PATH=/home/xiaobaige/dual_iiwa_project/install/iiwa_bringup:/home/xiaobaige/dual_iiwa_project/install/iiwa_description:${AMENT_PREFIX_PATH} CMAKE_PREFIX_PATH=/home/xiaobaige/dual_iiwa_project/install/iiwa_bringup:/home/xiaobaige/dual_iiwa_project/install/iiwa_description:/home/xiaobaige/ros2_ws/install/moveit_task_constructor_visualization:/home/xiaobaige/ros2_ws/install/moveit_task_constructor_demo:/home/xiaobaige/ros2_ws/install/moveit_task_constructor_capabilities:/home/xiaobaige/ros2_ws/install/moveit2_tutorials:/home/xiaobaige/ros2_ws/install/moveit_task_constructor_core:/home/xiaobaige/ros2_ws/install/rviz_marker_tools:/home/xiaobaige/ros2_ws/install/moveit_task_constructor_msgs:/home/xiaobaige/ros2_ws/install/impedance_controller:/home/xiaobaige/ros2_ws/install/iiwa_moveit2:/home/xiaobaige/ros2_ws/install/iiwa_hardware:/home/xiaobaige/ros2_ws/install/iiwa_bringup:/home/xiaobaige/ros2_ws/install/iiwa_description:/home/xiaobaige/ros2_ws/install/external_torque_sensor_broadcaster:/home/xiaobaige/UR5e_Vision_Assemble/install/bringup:/home/xiaobaige/UR5e_Vision_Assemble/install/ur_moveit_config:/home/xiaobaige/UR5e_Vision_Assemble/install/ur5e_gripper_control:/home/xiaobaige/UR5e_Vision_Assemble/install/dual_ur5e_gripper_moveit_config:/home/xiaobaige/UR5e_Vision_Assemble/install/ur5e_gripper_moveit_config:/home/xiaobaige/UR5e_Vision_Assemble/install/ur5e_gripper_description:/home/xiaobaige/UR5e_Vision_Assemble/install/ur_description:/home/xiaobaige/UR5e_Vision_Assemble/install/robotiq_moveit_config:/home/xiaobaige/UR5e_Vision_Assemble/install/robotiq_description:/home/xiaobaige/UR5e_Vision_Assemble/install/vision:/opt/ros/humble:/home/xiaobaige/UR5e_Vision_Assemble/install/realsense_gazebo_plugin:/home/xiaobaige/UR5e_Vision_Assemble/install/realsense2_description:/home/xiaobaige/UR5e_Vision_Assemble/install/realsense2_camera_msgs:/home/xiaobaige/UR5e_Vision_Assemble/install/gazebo_grasp_plugin_ros:/home/xiaobaige/UR5e_Vision_Assemble/install/gazebo_grasp_plugin:/home/xiaobaige/UR5e_Vision_Assemble/install/gazebo_version_helpers /usr/bin/cmake --build /home/xiaobaige/dual_iiwa_project/build/iiwa_hardware -- -j24 -l24
[1.081s] [  6%] [32mBuilding CXX object CMakeFiles/iiwa_hardware.dir/external/libFRI/src/client_lbr/friLBRClient.cpp.o[0m
[1.082s] [ 20%] [32mBuilding CXX object CMakeFiles/iiwa_hardware.dir/external/libFRI/src/base/friClientApplication.cpp.o[0m
[1.082s] [ 20%] [32mBuilding CXX object CMakeFiles/iiwa_hardware.dir/src/IiwaFRIHardwareInterface.cpp.o[0m
[1.083s] [ 26%] [32mBuilding C object CMakeFiles/iiwa_hardware.dir/external/libFRI/src/protobuf_gen/FRIMessages.pb.c.o[0m
[1.084s] [ 40%] [32mBuilding CXX object CMakeFiles/iiwa_hardware.dir/external/libFRI/src/client_lbr/friLBRState.cpp.o[0m
[1.084s] [ 40%] [32mBuilding CXX object CMakeFiles/iiwa_hardware.dir/external/libFRI/src/client_lbr/friLBRCommand.cpp.o[0m
[1.084s] [ 46%] [32mBuilding CXX object CMakeFiles/iiwa_hardware.dir/external/libFRI/src/connection/friUdpConnection.cpp.o[0m
[1.084s] [ 60%] [32mBuilding CXX object CMakeFiles/iiwa_hardware.dir/external/libFRI/src/protobuf/friMonitoringMessageDecoder.cpp.o[0m
[1.084s] [ 60%] [32mBuilding C object CMakeFiles/iiwa_hardware.dir/external/libFRI/src/nanopb-0.2.8/pb_decode.c.o[0m
[1.084s] [ 66%] [32mBuilding CXX object CMakeFiles/iiwa_hardware.dir/external/libFRI/src/protobuf/friCommandMessageEncoder.cpp.o[0m
[1.084s] [ 73%] [32mBuilding C object CMakeFiles/iiwa_hardware.dir/external/libFRI/src/protobuf/pb_frimessages_callbacks.c.o[0m
[1.085s] [ 80%] [32mBuilding CXX object CMakeFiles/iiwa_hardware.dir/src/IRDFClient.cpp.o[0m
[1.085s] [ 86%] [32mBuilding C object CMakeFiles/iiwa_hardware.dir/external/libFRI/src/nanopb-0.2.8/pb_encode.c.o[0m
[1.085s] [ 93%] [32mBuilding CXX object CMakeFiles/iiwa_hardware.dir/external/libFRI/src/client_trafo/friTransformationClient.cpp.o[0m
[3.368s] [100%] [32m[1mLinking CXX shared library libiiwa_hardware.so[0m
[3.471s] [100%] Built target iiwa_hardware
[3.477s] Invoked command in '/home/xiaobaige/dual_iiwa_project/build/iiwa_hardware' returned '0': AMENT_PREFIX_PATH=/home/xiaobaige/dual_iiwa_project/install/iiwa_bringup:/home/xiaobaige/dual_iiwa_project/install/iiwa_description:${AMENT_PREFIX_PATH} CMAKE_PREFIX_PATH=/home/xiaobaige/dual_iiwa_project/install/iiwa_bringup:/home/xiaobaige/dual_iiwa_project/install/iiwa_description:/home/xiaobaige/ros2_ws/install/moveit_task_constructor_visualization:/home/xiaobaige/ros2_ws/install/moveit_task_constructor_demo:/home/xiaobaige/ros2_ws/install/moveit_task_constructor_capabilities:/home/xiaobaige/ros2_ws/install/moveit2_tutorials:/home/xiaobaige/ros2_ws/install/moveit_task_constructor_core:/home/xiaobaige/ros2_ws/install/rviz_marker_tools:/home/xiaobaige/ros2_ws/install/moveit_task_constructor_msgs:/home/xiaobaige/ros2_ws/install/impedance_controller:/home/xiaobaige/ros2_ws/install/iiwa_moveit2:/home/xiaobaige/ros2_ws/install/iiwa_hardware:/home/xiaobaige/ros2_ws/install/iiwa_bringup:/home/xiaobaige/ros2_ws/install/iiwa_description:/home/xiaobaige/ros2_ws/install/external_torque_sensor_broadcaster:/home/xiaobaige/UR5e_Vision_Assemble/install/bringup:/home/xiaobaige/UR5e_Vision_Assemble/install/ur_moveit_config:/home/xiaobaige/UR5e_Vision_Assemble/install/ur5e_gripper_control:/home/xiaobaige/UR5e_Vision_Assemble/install/dual_ur5e_gripper_moveit_config:/home/xiaobaige/UR5e_Vision_Assemble/install/ur5e_gripper_moveit_config:/home/xiaobaige/UR5e_Vision_Assemble/install/ur5e_gripper_description:/home/xiaobaige/UR5e_Vision_Assemble/install/ur_description:/home/xiaobaige/UR5e_Vision_Assemble/install/robotiq_moveit_config:/home/xiaobaige/UR5e_Vision_Assemble/install/robotiq_description:/home/xiaobaige/UR5e_Vision_Assemble/install/vision:/opt/ros/humble:/home/xiaobaige/UR5e_Vision_Assemble/install/realsense_gazebo_plugin:/home/xiaobaige/UR5e_Vision_Assemble/install/realsense2_description:/home/xiaobaige/UR5e_Vision_Assemble/install/realsense2_camera_msgs:/home/xiaobaige/UR5e_Vision_Assemble/install/gazebo_grasp_plugin_ros:/home/xiaobaige/UR5e_Vision_Assemble/install/gazebo_grasp_plugin:/home/xiaobaige/UR5e_Vision_Assemble/install/gazebo_version_helpers /usr/bin/cmake --build /home/xiaobaige/dual_iiwa_project/build/iiwa_hardware -- -j24 -l24
[3.508s] Invoking command in '/home/xiaobaige/dual_iiwa_project/build/iiwa_hardware': AMENT_PREFIX_PATH=/home/xiaobaige/dual_iiwa_project/install/iiwa_bringup:/home/xiaobaige/dual_iiwa_project/install/iiwa_description:${AMENT_PREFIX_PATH} CMAKE_PREFIX_PATH=/home/xiaobaige/dual_iiwa_project/install/iiwa_bringup:/home/xiaobaige/dual_iiwa_project/install/iiwa_description:/home/xiaobaige/ros2_ws/install/moveit_task_constructor_visualization:/home/xiaobaige/ros2_ws/install/moveit_task_constructor_demo:/home/xiaobaige/ros2_ws/install/moveit_task_constructor_capabilities:/home/xiaobaige/ros2_ws/install/moveit2_tutorials:/home/xiaobaige/ros2_ws/install/moveit_task_constructor_core:/home/xiaobaige/ros2_ws/install/rviz_marker_tools:/home/xiaobaige/ros2_ws/install/moveit_task_constructor_msgs:/home/xiaobaige/ros2_ws/install/impedance_controller:/home/xiaobaige/ros2_ws/install/iiwa_moveit2:/home/xiaobaige/ros2_ws/install/iiwa_hardware:/home/xiaobaige/ros2_ws/install/iiwa_bringup:/home/xiaobaige/ros2_ws/install/iiwa_description:/home/xiaobaige/ros2_ws/install/external_torque_sensor_broadcaster:/home/xiaobaige/UR5e_Vision_Assemble/install/bringup:/home/xiaobaige/UR5e_Vision_Assemble/install/ur_moveit_config:/home/xiaobaige/UR5e_Vision_Assemble/install/ur5e_gripper_control:/home/xiaobaige/UR5e_Vision_Assemble/install/dual_ur5e_gripper_moveit_config:/home/xiaobaige/UR5e_Vision_Assemble/install/ur5e_gripper_moveit_config:/home/xiaobaige/UR5e_Vision_Assemble/install/ur5e_gripper_description:/home/xiaobaige/UR5e_Vision_Assemble/install/ur_description:/home/xiaobaige/UR5e_Vision_Assemble/install/robotiq_moveit_config:/home/xiaobaige/UR5e_Vision_Assemble/install/robotiq_description:/home/xiaobaige/UR5e_Vision_Assemble/install/vision:/opt/ros/humble:/home/xiaobaige/UR5e_Vision_Assemble/install/realsense_gazebo_plugin:/home/xiaobaige/UR5e_Vision_Assemble/install/realsense2_description:/home/xiaobaige/UR5e_Vision_Assemble/install/realsense2_camera_msgs:/home/xiaobaige/UR5e_Vision_Assemble/install/gazebo_grasp_plugin_ros:/home/xiaobaige/UR5e_Vision_Assemble/install/gazebo_grasp_plugin:/home/xiaobaige/UR5e_Vision_Assemble/install/gazebo_version_helpers /usr/bin/cmake --install /home/xiaobaige/dual_iiwa_project/build/iiwa_hardware
[3.513s] -- Install configuration: ""
[3.513s] -- Execute custom install script
[3.513s] -- Symlinking: /home/xiaobaige/dual_iiwa_project/install/iiwa_hardware/share/iiwa_hardware//iiwa_hardware_interface_plugin.xml
[3.519s] -- Symlinking: /home/xiaobaige/dual_iiwa_project/install/iiwa_hardware/lib/libiiwa_hardware.so
[3.525s] -- Symlinking: /home/xiaobaige/dual_iiwa_project/install/iiwa_hardware/include/iiwa_hardware/IRDFClient.h
[3.531s] -- Symlinking: /home/xiaobaige/dual_iiwa_project/install/iiwa_hardware/include/iiwa_hardware/IiwaFRIHardwareInterface.hpp
[3.536s] -- Symlinking: /home/xiaobaige/dual_iiwa_project/install/iiwa_hardware/include/iiwa_hardware/low_pass_filter.h
[3.541s] -- Symlinking: /home/xiaobaige/dual_iiwa_project/install/iiwa_hardware/include/iiwa_hardware/visibility_control.h
[3.546s] -- Symlinking: /home/xiaobaige/dual_iiwa_project/install/iiwa_hardware/share/iiwa_hardware/environment/library_path.sh
[3.550s] -- Symlinking: /home/xiaobaige/dual_iiwa_project/install/iiwa_hardware/share/iiwa_hardware/environment/library_path.dsv
[3.555s] -- Symlinking: /home/xiaobaige/dual_iiwa_project/install/iiwa_hardware/share/ament_index/resource_index/package_run_dependencies/iiwa_hardware
[3.560s] -- Symlinking: /home/xiaobaige/dual_iiwa_project/install/iiwa_hardware/share/ament_index/resource_index/parent_prefix_path/iiwa_hardware
[3.565s] -- Symlinking: /home/xiaobaige/dual_iiwa_project/install/iiwa_hardware/share/iiwa_hardware/environment/ament_prefix_path.sh
[3.570s] -- Symlinking: /home/xiaobaige/dual_iiwa_project/install/iiwa_hardware/share/iiwa_hardware/environment/ament_prefix_path.dsv
[3.576s] -- Symlinking: /home/xiaobaige/dual_iiwa_project/install/iiwa_hardware/share/iiwa_hardware/environment/path.sh
[3.580s] -- Symlinking: /home/xiaobaige/dual_iiwa_project/install/iiwa_hardware/share/iiwa_hardware/environment/path.dsv
[3.586s] -- Symlinking: /home/xiaobaige/dual_iiwa_project/install/iiwa_hardware/share/iiwa_hardware/local_setup.bash
[3.591s] -- Symlinking: /home/xiaobaige/dual_iiwa_project/install/iiwa_hardware/share/iiwa_hardware/local_setup.sh
[3.597s] -- Symlinking: /home/xiaobaige/dual_iiwa_project/install/iiwa_hardware/share/iiwa_hardware/local_setup.zsh
[3.603s] -- Symlinking: /home/xiaobaige/dual_iiwa_project/install/iiwa_hardware/share/iiwa_hardware/local_setup.dsv
[3.609s] -- Symlinking: /home/xiaobaige/dual_iiwa_project/install/iiwa_hardware/share/iiwa_hardware/package.dsv
[3.615s] -- Symlinking: /home/xiaobaige/dual_iiwa_project/install/iiwa_hardware/share/ament_index/resource_index/packages/iiwa_hardware
[3.621s] -- Symlinking: /home/xiaobaige/dual_iiwa_project/install/iiwa_hardware/share/ament_index/resource_index/hardware_interface__pluginlib__plugin/iiwa_hardware
[3.627s] -- Symlinking: /home/xiaobaige/dual_iiwa_project/install/iiwa_hardware/share/iiwa_hardware/cmake/ament_cmake_export_include_directories-extras.cmake
[3.632s] -- Symlinking: /home/xiaobaige/dual_iiwa_project/install/iiwa_hardware/share/iiwa_hardware/cmake/ament_cmake_export_libraries-extras.cmake
[3.637s] -- Symlinking: /home/xiaobaige/dual_iiwa_project/install/iiwa_hardware/share/iiwa_hardware/cmake/ament_cmake_export_dependencies-extras.cmake
[3.642s] -- Symlinking: /home/xiaobaige/dual_iiwa_project/install/iiwa_hardware/share/iiwa_hardware/cmake/iiwa_hardwareConfig.cmake
[3.647s] -- Symlinking: /home/xiaobaige/dual_iiwa_project/install/iiwa_hardware/share/iiwa_hardware/cmake/iiwa_hardwareConfig-version.cmake
[3.652s] -- Symlinking: /home/xiaobaige/dual_iiwa_project/install/iiwa_hardware/share/iiwa_hardware/package.xml
[3.658s] Invoked command in '/home/xiaobaige/dual_iiwa_project/build/iiwa_hardware' returned '0': AMENT_PREFIX_PATH=/home/xiaobaige/dual_iiwa_project/install/iiwa_bringup:/home/xiaobaige/dual_iiwa_project/install/iiwa_description:${AMENT_PREFIX_PATH} CMAKE_PREFIX_PATH=/home/xiaobaige/dual_iiwa_project/install/iiwa_bringup:/home/xiaobaige/dual_iiwa_project/install/iiwa_description:/home/xiaobaige/ros2_ws/install/moveit_task_constructor_visualization:/home/xiaobaige/ros2_ws/install/moveit_task_constructor_demo:/home/xiaobaige/ros2_ws/install/moveit_task_constructor_capabilities:/home/xiaobaige/ros2_ws/install/moveit2_tutorials:/home/xiaobaige/ros2_ws/install/moveit_task_constructor_core:/home/xiaobaige/ros2_ws/install/rviz_marker_tools:/home/xiaobaige/ros2_ws/install/moveit_task_constructor_msgs:/home/xiaobaige/ros2_ws/install/impedance_controller:/home/xiaobaige/ros2_ws/install/iiwa_moveit2:/home/xiaobaige/ros2_ws/install/iiwa_hardware:/home/xiaobaige/ros2_ws/install/iiwa_bringup:/home/xiaobaige/ros2_ws/install/iiwa_description:/home/xiaobaige/ros2_ws/install/external_torque_sensor_broadcaster:/home/xiaobaige/UR5e_Vision_Assemble/install/bringup:/home/xiaobaige/UR5e_Vision_Assemble/install/ur_moveit_config:/home/xiaobaige/UR5e_Vision_Assemble/install/ur5e_gripper_control:/home/xiaobaige/UR5e_Vision_Assemble/install/dual_ur5e_gripper_moveit_config:/home/xiaobaige/UR5e_Vision_Assemble/install/ur5e_gripper_moveit_config:/home/xiaobaige/UR5e_Vision_Assemble/install/ur5e_gripper_description:/home/xiaobaige/UR5e_Vision_Assemble/install/ur_description:/home/xiaobaige/UR5e_Vision_Assemble/install/robotiq_moveit_config:/home/xiaobaige/UR5e_Vision_Assemble/install/robotiq_description:/home/xiaobaige/UR5e_Vision_Assemble/install/vision:/opt/ros/humble:/home/xiaobaige/UR5e_Vision_Assemble/install/realsense_gazebo_plugin:/home/xiaobaige/UR5e_Vision_Assemble/install/realsense2_description:/home/xiaobaige/UR5e_Vision_Assemble/install/realsense2_camera_msgs:/home/xiaobaige/UR5e_Vision_Assemble/install/gazebo_grasp_plugin_ros:/home/xiaobaige/UR5e_Vision_Assemble/install/gazebo_grasp_plugin:/home/xiaobaige/UR5e_Vision_Assemble/install/gazebo_version_helpers /usr/bin/cmake --install /home/xiaobaige/dual_iiwa_project/build/iiwa_hardware
