-- Found ament_cmake: 1.3.5 (/opt/ros/humble/share/ament_cmake/cmake)
-- Override CMake install command with custom implementation using symlinks instead of copying resources
-- Found ament_lint_auto: 0.12.8 (/opt/ros/humble/share/ament_lint_auto/cmake)
-- Added test 'flake8' to check Python code syntax and style conventions
-- Added test 'lint_cmake' to check CMake code style
-- Added test 'pep257' to check Python code against some of the docstring style conventions in PEP 257
-- Added test 'xmllint' to check XML markup files
-- Configuring done
-- Generating done
-- Build files have been written to: /home/xiaobaige/dual_iiwa_project/build/dual_iiwa_bringup
-- Install configuration: ""
-- Execute custom install script
-- Symlinking: /home/xiaobaige/dual_iiwa_project/install/dual_iiwa_bringup/share/dual_iiwa_bringup/launch/dual_iiwa.launch.py
-- Up-to-date symlink: /home/xiaobaige/dual_iiwa_project/install/dual_iiwa_bringup/share/ament_index/resource_index/package_run_dependencies/dual_iiwa_bringup
-- Up-to-date symlink: /home/xiaobaige/dual_iiwa_project/install/dual_iiwa_bringup/share/ament_index/resource_index/parent_prefix_path/dual_iiwa_bringup
-- Up-to-date symlink: /home/xiaobaige/dual_iiwa_project/install/dual_iiwa_bringup/share/dual_iiwa_bringup/environment/ament_prefix_path.sh
-- Up-to-date symlink: /home/xiaobaige/dual_iiwa_project/install/dual_iiwa_bringup/share/dual_iiwa_bringup/environment/ament_prefix_path.dsv
-- Up-to-date symlink: /home/xiaobaige/dual_iiwa_project/install/dual_iiwa_bringup/share/dual_iiwa_bringup/environment/path.sh
-- Up-to-date symlink: /home/xiaobaige/dual_iiwa_project/install/dual_iiwa_bringup/share/dual_iiwa_bringup/environment/path.dsv
-- Up-to-date symlink: /home/xiaobaige/dual_iiwa_project/install/dual_iiwa_bringup/share/dual_iiwa_bringup/local_setup.bash
-- Up-to-date symlink: /home/xiaobaige/dual_iiwa_project/install/dual_iiwa_bringup/share/dual_iiwa_bringup/local_setup.sh
-- Up-to-date symlink: /home/xiaobaige/dual_iiwa_project/install/dual_iiwa_bringup/share/dual_iiwa_bringup/local_setup.zsh
-- Up-to-date symlink: /home/xiaobaige/dual_iiwa_project/install/dual_iiwa_bringup/share/dual_iiwa_bringup/local_setup.dsv
-- Symlinking: /home/xiaobaige/dual_iiwa_project/install/dual_iiwa_bringup/share/dual_iiwa_bringup/package.dsv
-- Up-to-date symlink: /home/xiaobaige/dual_iiwa_project/install/dual_iiwa_bringup/share/ament_index/resource_index/packages/dual_iiwa_bringup
-- Up-to-date symlink: /home/xiaobaige/dual_iiwa_project/install/dual_iiwa_bringup/share/dual_iiwa_bringup/cmake/dual_iiwa_bringupConfig.cmake
-- Up-to-date symlink: /home/xiaobaige/dual_iiwa_project/install/dual_iiwa_bringup/share/dual_iiwa_bringup/cmake/dual_iiwa_bringupConfig-version.cmake
-- Up-to-date symlink: /home/xiaobaige/dual_iiwa_project/install/dual_iiwa_bringup/share/dual_iiwa_bringup/package.xml
