[0.046s] Invoking command in '/home/xiaobaige/dual_iiwa_project/build/impedance_controller': CMAKE_PREFIX_PATH=/home/xiaobaige/ros2_ws/install/moveit_task_constructor_visualization:/home/xiaobaige/ros2_ws/install/moveit_task_constructor_demo:/home/xiaobaige/ros2_ws/install/moveit_task_constructor_capabilities:/home/xiaobaige/ros2_ws/install/moveit2_tutorials:/home/xiaobaige/ros2_ws/install/moveit_task_constructor_core:/home/xiaobaige/ros2_ws/install/rviz_marker_tools:/home/xiaobaige/ros2_ws/install/moveit_task_constructor_msgs:/home/xiaobaige/ros2_ws/install/impedance_controller:/home/xiaobaige/ros2_ws/install/iiwa_moveit2:/home/xiaobaige/ros2_ws/install/iiwa_hardware:/home/xiaobaige/ros2_ws/install/iiwa_bringup:/home/xiaobaige/ros2_ws/install/iiwa_description:/home/xiaobaige/ros2_ws/install/external_torque_sensor_broadcaster:/home/xiaobaige/UR5e_Vision_Assemble/install/bringup:/home/xiaobaige/UR5e_Vision_Assemble/install/ur_moveit_config:/home/xiaobaige/UR5e_Vision_Assemble/install/ur5e_gripper_control:/home/xiaobaige/UR5e_Vision_Assemble/install/dual_ur5e_gripper_moveit_config:/home/xiaobaige/UR5e_Vision_Assemble/install/ur5e_gripper_moveit_config:/home/xiaobaige/UR5e_Vision_Assemble/install/ur5e_gripper_description:/home/xiaobaige/UR5e_Vision_Assemble/install/ur_description:/home/xiaobaige/UR5e_Vision_Assemble/install/robotiq_moveit_config:/home/xiaobaige/UR5e_Vision_Assemble/install/robotiq_description:/home/xiaobaige/UR5e_Vision_Assemble/install/vision:/opt/ros/humble:/home/xiaobaige/UR5e_Vision_Assemble/install/realsense_gazebo_plugin:/home/xiaobaige/UR5e_Vision_Assemble/install/realsense2_description:/home/xiaobaige/UR5e_Vision_Assemble/install/realsense2_camera_msgs:/home/xiaobaige/UR5e_Vision_Assemble/install/gazebo_grasp_plugin_ros:/home/xiaobaige/UR5e_Vision_Assemble/install/gazebo_grasp_plugin:/home/xiaobaige/UR5e_Vision_Assemble/install/gazebo_version_helpers /usr/bin/cmake /home/xiaobaige/dual_iiwa_project/src/libs/iiwa_ros2/iiwa_controllers/impedance_controller -DAMENT_CMAKE_SYMLINK_INSTALL=1 -DCMAKE_INSTALL_PREFIX=/home/xiaobaige/dual_iiwa_project/install/impedance_controller
[0.072s] -- The C compiler identification is GNU 11.4.0
[0.099s] -- The CXX compiler identification is GNU 11.4.0
[0.103s] -- Detecting C compiler ABI info
[0.139s] -- Detecting C compiler ABI info - done
[0.145s] -- Check for working C compiler: /usr/bin/cc - skipped
[0.145s] -- Detecting C compile features
[0.145s] -- Detecting C compile features - done
[0.147s] -- Detecting CXX compiler ABI info
[0.189s] -- Detecting CXX compiler ABI info - done
[0.193s] -- Check for working CXX compiler: /usr/bin/c++ - skipped
[0.193s] -- Detecting CXX compile features
[0.193s] -- Detecting CXX compile features - done
[0.195s] -- Found ament_cmake: 1.3.5 (/opt/ros/humble/share/ament_cmake/cmake)
[0.294s] -- Found Python3: /usr/bin/python3.10 (found version "3.10.12") found components: Interpreter 
[0.326s] -- Override CMake install command with custom implementation using symlinks instead of copying resources
[0.355s] -- Found controller_interface: 2.32.0 (/opt/ros/humble/share/controller_interface/cmake)
[0.387s] -- Found rosidl_generator_c: 3.1.5 (/opt/ros/humble/share/rosidl_generator_c/cmake)
[0.391s] -- Found rosidl_adapter: 3.1.5 (/opt/ros/humble/share/rosidl_adapter/cmake)
[0.396s] -- Found rosidl_generator_cpp: 3.1.5 (/opt/ros/humble/share/rosidl_generator_cpp/cmake)
[0.406s] -- Using all available rosidl_typesupport_c: rosidl_typesupport_fastrtps_c;rosidl_typesupport_introspection_c
[0.418s] -- Using all available rosidl_typesupport_cpp: rosidl_typesupport_fastrtps_cpp;rosidl_typesupport_introspection_cpp
[0.788s] -- Found rmw_implementation_cmake: 6.1.1 (/opt/ros/humble/share/rmw_implementation_cmake/cmake)
[0.790s] -- Found rmw_cyclonedds_cpp: 1.3.4 (/opt/ros/humble/share/rmw_cyclonedds_cpp/cmake)
[0.811s] -- Using RMW implementation 'rmw_cyclonedds_cpp' as default
[0.819s] -- Looking for pthread.h
[0.860s] -- Looking for pthread.h - found
[0.860s] -- Performing Test CMAKE_HAVE_LIBC_PTHREAD
[0.898s] -- Performing Test CMAKE_HAVE_LIBC_PTHREAD - Success
[0.899s] -- Found Threads: TRUE  
[1.035s] -- Found realtime_tools: 2.5.0 (/opt/ros/humble/share/realtime_tools/cmake)
[1.177s] -- Found ament_cmake_gtest: 1.3.5 (/opt/ros/humble/share/ament_cmake_gtest/cmake)
[1.178s] -- Found ament_lint_auto: 0.12.8 (/opt/ros/humble/share/ament_lint_auto/cmake)
[1.213s] -- Configuring done
[1.225s] -- Generating done
[1.225s] -- Build files have been written to: /home/xiaobaige/dual_iiwa_project/build/impedance_controller
[1.231s] Invoked command in '/home/xiaobaige/dual_iiwa_project/build/impedance_controller' returned '0': CMAKE_PREFIX_PATH=/home/xiaobaige/ros2_ws/install/moveit_task_constructor_visualization:/home/xiaobaige/ros2_ws/install/moveit_task_constructor_demo:/home/xiaobaige/ros2_ws/install/moveit_task_constructor_capabilities:/home/xiaobaige/ros2_ws/install/moveit2_tutorials:/home/xiaobaige/ros2_ws/install/moveit_task_constructor_core:/home/xiaobaige/ros2_ws/install/rviz_marker_tools:/home/xiaobaige/ros2_ws/install/moveit_task_constructor_msgs:/home/xiaobaige/ros2_ws/install/impedance_controller:/home/xiaobaige/ros2_ws/install/iiwa_moveit2:/home/xiaobaige/ros2_ws/install/iiwa_hardware:/home/xiaobaige/ros2_ws/install/iiwa_bringup:/home/xiaobaige/ros2_ws/install/iiwa_description:/home/xiaobaige/ros2_ws/install/external_torque_sensor_broadcaster:/home/xiaobaige/UR5e_Vision_Assemble/install/bringup:/home/xiaobaige/UR5e_Vision_Assemble/install/ur_moveit_config:/home/xiaobaige/UR5e_Vision_Assemble/install/ur5e_gripper_control:/home/xiaobaige/UR5e_Vision_Assemble/install/dual_ur5e_gripper_moveit_config:/home/xiaobaige/UR5e_Vision_Assemble/install/ur5e_gripper_moveit_config:/home/xiaobaige/UR5e_Vision_Assemble/install/ur5e_gripper_description:/home/xiaobaige/UR5e_Vision_Assemble/install/ur_description:/home/xiaobaige/UR5e_Vision_Assemble/install/robotiq_moveit_config:/home/xiaobaige/UR5e_Vision_Assemble/install/robotiq_description:/home/xiaobaige/UR5e_Vision_Assemble/install/vision:/opt/ros/humble:/home/xiaobaige/UR5e_Vision_Assemble/install/realsense_gazebo_plugin:/home/xiaobaige/UR5e_Vision_Assemble/install/realsense2_description:/home/xiaobaige/UR5e_Vision_Assemble/install/realsense2_camera_msgs:/home/xiaobaige/UR5e_Vision_Assemble/install/gazebo_grasp_plugin_ros:/home/xiaobaige/UR5e_Vision_Assemble/install/gazebo_grasp_plugin:/home/xiaobaige/UR5e_Vision_Assemble/install/gazebo_version_helpers /usr/bin/cmake /home/xiaobaige/dual_iiwa_project/src/libs/iiwa_ros2/iiwa_controllers/impedance_controller -DAMENT_CMAKE_SYMLINK_INSTALL=1 -DCMAKE_INSTALL_PREFIX=/home/xiaobaige/dual_iiwa_project/install/impedance_controller
[1.231s] Invoking command in '/home/xiaobaige/dual_iiwa_project/build/impedance_controller': CMAKE_PREFIX_PATH=/home/xiaobaige/ros2_ws/install/moveit_task_constructor_visualization:/home/xiaobaige/ros2_ws/install/moveit_task_constructor_demo:/home/xiaobaige/ros2_ws/install/moveit_task_constructor_capabilities:/home/xiaobaige/ros2_ws/install/moveit2_tutorials:/home/xiaobaige/ros2_ws/install/moveit_task_constructor_core:/home/xiaobaige/ros2_ws/install/rviz_marker_tools:/home/xiaobaige/ros2_ws/install/moveit_task_constructor_msgs:/home/xiaobaige/ros2_ws/install/impedance_controller:/home/xiaobaige/ros2_ws/install/iiwa_moveit2:/home/xiaobaige/ros2_ws/install/iiwa_hardware:/home/xiaobaige/ros2_ws/install/iiwa_bringup:/home/xiaobaige/ros2_ws/install/iiwa_description:/home/xiaobaige/ros2_ws/install/external_torque_sensor_broadcaster:/home/xiaobaige/UR5e_Vision_Assemble/install/bringup:/home/xiaobaige/UR5e_Vision_Assemble/install/ur_moveit_config:/home/xiaobaige/UR5e_Vision_Assemble/install/ur5e_gripper_control:/home/xiaobaige/UR5e_Vision_Assemble/install/dual_ur5e_gripper_moveit_config:/home/xiaobaige/UR5e_Vision_Assemble/install/ur5e_gripper_moveit_config:/home/xiaobaige/UR5e_Vision_Assemble/install/ur5e_gripper_description:/home/xiaobaige/UR5e_Vision_Assemble/install/ur_description:/home/xiaobaige/UR5e_Vision_Assemble/install/robotiq_moveit_config:/home/xiaobaige/UR5e_Vision_Assemble/install/robotiq_description:/home/xiaobaige/UR5e_Vision_Assemble/install/vision:/opt/ros/humble:/home/xiaobaige/UR5e_Vision_Assemble/install/realsense_gazebo_plugin:/home/xiaobaige/UR5e_Vision_Assemble/install/realsense2_description:/home/xiaobaige/UR5e_Vision_Assemble/install/realsense2_camera_msgs:/home/xiaobaige/UR5e_Vision_Assemble/install/gazebo_grasp_plugin_ros:/home/xiaobaige/UR5e_Vision_Assemble/install/gazebo_grasp_plugin:/home/xiaobaige/UR5e_Vision_Assemble/install/gazebo_version_helpers /usr/bin/cmake --build /home/xiaobaige/dual_iiwa_project/build/impedance_controller -- -j24 -l24
[1.258s] [ 50%] [32mBuilding CXX object CMakeFiles/impedance_controller.dir/src/impedance_controller.cpp.o[0m
[5.355s] [100%] [32m[1mLinking CXX shared library libimpedance_controller.so[0m
[5.611s] [100%] Built target impedance_controller
[5.617s] Invoked command in '/home/xiaobaige/dual_iiwa_project/build/impedance_controller' returned '0': CMAKE_PREFIX_PATH=/home/xiaobaige/ros2_ws/install/moveit_task_constructor_visualization:/home/xiaobaige/ros2_ws/install/moveit_task_constructor_demo:/home/xiaobaige/ros2_ws/install/moveit_task_constructor_capabilities:/home/xiaobaige/ros2_ws/install/moveit2_tutorials:/home/xiaobaige/ros2_ws/install/moveit_task_constructor_core:/home/xiaobaige/ros2_ws/install/rviz_marker_tools:/home/xiaobaige/ros2_ws/install/moveit_task_constructor_msgs:/home/xiaobaige/ros2_ws/install/impedance_controller:/home/xiaobaige/ros2_ws/install/iiwa_moveit2:/home/xiaobaige/ros2_ws/install/iiwa_hardware:/home/xiaobaige/ros2_ws/install/iiwa_bringup:/home/xiaobaige/ros2_ws/install/iiwa_description:/home/xiaobaige/ros2_ws/install/external_torque_sensor_broadcaster:/home/xiaobaige/UR5e_Vision_Assemble/install/bringup:/home/xiaobaige/UR5e_Vision_Assemble/install/ur_moveit_config:/home/xiaobaige/UR5e_Vision_Assemble/install/ur5e_gripper_control:/home/xiaobaige/UR5e_Vision_Assemble/install/dual_ur5e_gripper_moveit_config:/home/xiaobaige/UR5e_Vision_Assemble/install/ur5e_gripper_moveit_config:/home/xiaobaige/UR5e_Vision_Assemble/install/ur5e_gripper_description:/home/xiaobaige/UR5e_Vision_Assemble/install/ur_description:/home/xiaobaige/UR5e_Vision_Assemble/install/robotiq_moveit_config:/home/xiaobaige/UR5e_Vision_Assemble/install/robotiq_description:/home/xiaobaige/UR5e_Vision_Assemble/install/vision:/opt/ros/humble:/home/xiaobaige/UR5e_Vision_Assemble/install/realsense_gazebo_plugin:/home/xiaobaige/UR5e_Vision_Assemble/install/realsense2_description:/home/xiaobaige/UR5e_Vision_Assemble/install/realsense2_camera_msgs:/home/xiaobaige/UR5e_Vision_Assemble/install/gazebo_grasp_plugin_ros:/home/xiaobaige/UR5e_Vision_Assemble/install/gazebo_grasp_plugin:/home/xiaobaige/UR5e_Vision_Assemble/install/gazebo_version_helpers /usr/bin/cmake --build /home/xiaobaige/dual_iiwa_project/build/impedance_controller -- -j24 -l24
[5.632s] Invoking command in '/home/xiaobaige/dual_iiwa_project/build/impedance_controller': CMAKE_PREFIX_PATH=/home/xiaobaige/ros2_ws/install/moveit_task_constructor_visualization:/home/xiaobaige/ros2_ws/install/moveit_task_constructor_demo:/home/xiaobaige/ros2_ws/install/moveit_task_constructor_capabilities:/home/xiaobaige/ros2_ws/install/moveit2_tutorials:/home/xiaobaige/ros2_ws/install/moveit_task_constructor_core:/home/xiaobaige/ros2_ws/install/rviz_marker_tools:/home/xiaobaige/ros2_ws/install/moveit_task_constructor_msgs:/home/xiaobaige/ros2_ws/install/impedance_controller:/home/xiaobaige/ros2_ws/install/iiwa_moveit2:/home/xiaobaige/ros2_ws/install/iiwa_hardware:/home/xiaobaige/ros2_ws/install/iiwa_bringup:/home/xiaobaige/ros2_ws/install/iiwa_description:/home/xiaobaige/ros2_ws/install/external_torque_sensor_broadcaster:/home/xiaobaige/UR5e_Vision_Assemble/install/bringup:/home/xiaobaige/UR5e_Vision_Assemble/install/ur_moveit_config:/home/xiaobaige/UR5e_Vision_Assemble/install/ur5e_gripper_control:/home/xiaobaige/UR5e_Vision_Assemble/install/dual_ur5e_gripper_moveit_config:/home/xiaobaige/UR5e_Vision_Assemble/install/ur5e_gripper_moveit_config:/home/xiaobaige/UR5e_Vision_Assemble/install/ur5e_gripper_description:/home/xiaobaige/UR5e_Vision_Assemble/install/ur_description:/home/xiaobaige/UR5e_Vision_Assemble/install/robotiq_moveit_config:/home/xiaobaige/UR5e_Vision_Assemble/install/robotiq_description:/home/xiaobaige/UR5e_Vision_Assemble/install/vision:/opt/ros/humble:/home/xiaobaige/UR5e_Vision_Assemble/install/realsense_gazebo_plugin:/home/xiaobaige/UR5e_Vision_Assemble/install/realsense2_description:/home/xiaobaige/UR5e_Vision_Assemble/install/realsense2_camera_msgs:/home/xiaobaige/UR5e_Vision_Assemble/install/gazebo_grasp_plugin_ros:/home/xiaobaige/UR5e_Vision_Assemble/install/gazebo_grasp_plugin:/home/xiaobaige/UR5e_Vision_Assemble/install/gazebo_version_helpers /usr/bin/cmake --install /home/xiaobaige/dual_iiwa_project/build/impedance_controller
[5.636s] -- Install configuration: ""
[5.636s] -- Execute custom install script
[5.637s] -- Symlinking: /home/xiaobaige/dual_iiwa_project/install/impedance_controller/share/impedance_controller//impedance_plugin.xml
[5.642s] -- Symlinking: /home/xiaobaige/dual_iiwa_project/install/impedance_controller/include/impedance_controller/impedance_controller.hpp
[5.647s] -- Symlinking: /home/xiaobaige/dual_iiwa_project/install/impedance_controller/include/impedance_controller/visibility_control.h
[5.652s] -- Symlinking: /home/xiaobaige/dual_iiwa_project/install/impedance_controller/lib/libimpedance_controller.so
[5.657s] -- Symlinking: /home/xiaobaige/dual_iiwa_project/install/impedance_controller/share/impedance_controller/environment/library_path.sh
[5.661s] -- Symlinking: /home/xiaobaige/dual_iiwa_project/install/impedance_controller/share/impedance_controller/environment/library_path.dsv
[5.666s] -- Symlinking: /home/xiaobaige/dual_iiwa_project/install/impedance_controller/share/ament_index/resource_index/package_run_dependencies/impedance_controller
[5.670s] -- Symlinking: /home/xiaobaige/dual_iiwa_project/install/impedance_controller/share/ament_index/resource_index/parent_prefix_path/impedance_controller
[5.674s] -- Symlinking: /home/xiaobaige/dual_iiwa_project/install/impedance_controller/share/impedance_controller/environment/ament_prefix_path.sh
[5.678s] -- Symlinking: /home/xiaobaige/dual_iiwa_project/install/impedance_controller/share/impedance_controller/environment/ament_prefix_path.dsv
[5.683s] -- Symlinking: /home/xiaobaige/dual_iiwa_project/install/impedance_controller/share/impedance_controller/environment/path.sh
[5.687s] -- Symlinking: /home/xiaobaige/dual_iiwa_project/install/impedance_controller/share/impedance_controller/environment/path.dsv
[5.691s] -- Symlinking: /home/xiaobaige/dual_iiwa_project/install/impedance_controller/share/impedance_controller/local_setup.bash
[5.696s] -- Symlinking: /home/xiaobaige/dual_iiwa_project/install/impedance_controller/share/impedance_controller/local_setup.sh
[5.700s] -- Symlinking: /home/xiaobaige/dual_iiwa_project/install/impedance_controller/share/impedance_controller/local_setup.zsh
[5.704s] -- Symlinking: /home/xiaobaige/dual_iiwa_project/install/impedance_controller/share/impedance_controller/local_setup.dsv
[5.709s] -- Symlinking: /home/xiaobaige/dual_iiwa_project/install/impedance_controller/share/impedance_controller/package.dsv
[5.714s] -- Symlinking: /home/xiaobaige/dual_iiwa_project/install/impedance_controller/share/ament_index/resource_index/packages/impedance_controller
[5.718s] -- Symlinking: /home/xiaobaige/dual_iiwa_project/install/impedance_controller/share/ament_index/resource_index/controller_interface__pluginlib__plugin/impedance_controller
[5.723s] -- Symlinking: /home/xiaobaige/dual_iiwa_project/install/impedance_controller/share/impedance_controller/cmake/ament_cmake_export_dependencies-extras.cmake
[5.727s] -- Symlinking: /home/xiaobaige/dual_iiwa_project/install/impedance_controller/share/impedance_controller/cmake/ament_cmake_export_include_directories-extras.cmake
[5.732s] -- Symlinking: /home/xiaobaige/dual_iiwa_project/install/impedance_controller/share/impedance_controller/cmake/ament_cmake_export_libraries-extras.cmake
[5.737s] -- Symlinking: /home/xiaobaige/dual_iiwa_project/install/impedance_controller/share/impedance_controller/cmake/impedance_controllerConfig.cmake
[5.741s] -- Symlinking: /home/xiaobaige/dual_iiwa_project/install/impedance_controller/share/impedance_controller/cmake/impedance_controllerConfig-version.cmake
[5.746s] -- Symlinking: /home/xiaobaige/dual_iiwa_project/install/impedance_controller/share/impedance_controller/package.xml
[5.752s] Invoked command in '/home/xiaobaige/dual_iiwa_project/build/impedance_controller' returned '0': CMAKE_PREFIX_PATH=/home/xiaobaige/ros2_ws/install/moveit_task_constructor_visualization:/home/xiaobaige/ros2_ws/install/moveit_task_constructor_demo:/home/xiaobaige/ros2_ws/install/moveit_task_constructor_capabilities:/home/xiaobaige/ros2_ws/install/moveit2_tutorials:/home/xiaobaige/ros2_ws/install/moveit_task_constructor_core:/home/xiaobaige/ros2_ws/install/rviz_marker_tools:/home/xiaobaige/ros2_ws/install/moveit_task_constructor_msgs:/home/xiaobaige/ros2_ws/install/impedance_controller:/home/xiaobaige/ros2_ws/install/iiwa_moveit2:/home/xiaobaige/ros2_ws/install/iiwa_hardware:/home/xiaobaige/ros2_ws/install/iiwa_bringup:/home/xiaobaige/ros2_ws/install/iiwa_description:/home/xiaobaige/ros2_ws/install/external_torque_sensor_broadcaster:/home/xiaobaige/UR5e_Vision_Assemble/install/bringup:/home/xiaobaige/UR5e_Vision_Assemble/install/ur_moveit_config:/home/xiaobaige/UR5e_Vision_Assemble/install/ur5e_gripper_control:/home/xiaobaige/UR5e_Vision_Assemble/install/dual_ur5e_gripper_moveit_config:/home/xiaobaige/UR5e_Vision_Assemble/install/ur5e_gripper_moveit_config:/home/xiaobaige/UR5e_Vision_Assemble/install/ur5e_gripper_description:/home/xiaobaige/UR5e_Vision_Assemble/install/ur_description:/home/xiaobaige/UR5e_Vision_Assemble/install/robotiq_moveit_config:/home/xiaobaige/UR5e_Vision_Assemble/install/robotiq_description:/home/xiaobaige/UR5e_Vision_Assemble/install/vision:/opt/ros/humble:/home/xiaobaige/UR5e_Vision_Assemble/install/realsense_gazebo_plugin:/home/xiaobaige/UR5e_Vision_Assemble/install/realsense2_description:/home/xiaobaige/UR5e_Vision_Assemble/install/realsense2_camera_msgs:/home/xiaobaige/UR5e_Vision_Assemble/install/gazebo_grasp_plugin_ros:/home/xiaobaige/UR5e_Vision_Assemble/install/gazebo_grasp_plugin:/home/xiaobaige/UR5e_Vision_Assemble/install/gazebo_version_helpers /usr/bin/cmake --install /home/xiaobaige/dual_iiwa_project/build/impedance_controller
