[100%] Built target impedance_controller
-- Install configuration: ""
-- Execute custom install script
-- Up-to-date symlink: /home/xiaobaige/dual_iiwa_project/install/impedance_controller/share/impedance_controller//impedance_plugin.xml
-- Up-to-date symlink: /home/xiaobaige/dual_iiwa_project/install/impedance_controller/include/impedance_controller/impedance_controller.hpp
-- Up-to-date symlink: /home/xiaobaige/dual_iiwa_project/install/impedance_controller/include/impedance_controller/visibility_control.h
-- Up-to-date symlink: /home/xiaobaige/dual_iiwa_project/install/impedance_controller/lib/libimpedance_controller.so
-- Up-to-date symlink: /home/xiaobaige/dual_iiwa_project/install/impedance_controller/share/impedance_controller/environment/library_path.sh
-- Up-to-date symlink: /home/xiaobaige/dual_iiwa_project/install/impedance_controller/share/impedance_controller/environment/library_path.dsv
-- Up-to-date symlink: /home/xiaobaige/dual_iiwa_project/install/impedance_controller/share/ament_index/resource_index/package_run_dependencies/impedance_controller
-- Up-to-date symlink: /home/xiaobaige/dual_iiwa_project/install/impedance_controller/share/ament_index/resource_index/parent_prefix_path/impedance_controller
-- Up-to-date symlink: /home/xiaobaige/dual_iiwa_project/install/impedance_controller/share/impedance_controller/environment/ament_prefix_path.sh
-- Up-to-date symlink: /home/xiaobaige/dual_iiwa_project/install/impedance_controller/share/impedance_controller/environment/ament_prefix_path.dsv
-- Up-to-date symlink: /home/xiaobaige/dual_iiwa_project/install/impedance_controller/share/impedance_controller/environment/path.sh
-- Up-to-date symlink: /home/xiaobaige/dual_iiwa_project/install/impedance_controller/share/impedance_controller/environment/path.dsv
-- Up-to-date symlink: /home/xiaobaige/dual_iiwa_project/install/impedance_controller/share/impedance_controller/local_setup.bash
-- Up-to-date symlink: /home/xiaobaige/dual_iiwa_project/install/impedance_controller/share/impedance_controller/local_setup.sh
-- Up-to-date symlink: /home/xiaobaige/dual_iiwa_project/install/impedance_controller/share/impedance_controller/local_setup.zsh
-- Up-to-date symlink: /home/xiaobaige/dual_iiwa_project/install/impedance_controller/share/impedance_controller/local_setup.dsv
-- Symlinking: /home/xiaobaige/dual_iiwa_project/install/impedance_controller/share/impedance_controller/package.dsv
-- Up-to-date symlink: /home/xiaobaige/dual_iiwa_project/install/impedance_controller/share/ament_index/resource_index/packages/impedance_controller
-- Up-to-date symlink: /home/xiaobaige/dual_iiwa_project/install/impedance_controller/share/ament_index/resource_index/controller_interface__pluginlib__plugin/impedance_controller
-- Up-to-date symlink: /home/xiaobaige/dual_iiwa_project/install/impedance_controller/share/impedance_controller/cmake/ament_cmake_export_dependencies-extras.cmake
-- Up-to-date symlink: /home/xiaobaige/dual_iiwa_project/install/impedance_controller/share/impedance_controller/cmake/ament_cmake_export_include_directories-extras.cmake
-- Up-to-date symlink: /home/xiaobaige/dual_iiwa_project/install/impedance_controller/share/impedance_controller/cmake/ament_cmake_export_libraries-extras.cmake
-- Up-to-date symlink: /home/xiaobaige/dual_iiwa_project/install/impedance_controller/share/impedance_controller/cmake/impedance_controllerConfig.cmake
-- Up-to-date symlink: /home/xiaobaige/dual_iiwa_project/install/impedance_controller/share/impedance_controller/cmake/impedance_controllerConfig-version.cmake
-- Up-to-date symlink: /home/xiaobaige/dual_iiwa_project/install/impedance_controller/share/impedance_controller/package.xml
