-- The C compiler identification is GNU 11.4.0
-- The CXX compiler identification is GNU 11.4.0
-- Detecting C compiler ABI info
-- Detecting C compiler ABI info - done
-- Check for working C compiler: /usr/bin/cc - skipped
-- Detecting C compile features
-- Detecting C compile features - done
-- Detecting CXX compiler ABI info
-- Detecting CXX compiler ABI info - done
-- Check for working CXX compiler: /usr/bin/c++ - skipped
-- Detecting CXX compile features
-- Detecting CXX compile features - done
-- Found ament_cmake: 1.3.5 (/opt/ros/humble/share/ament_cmake/cmake)
-- Found Python3: /usr/bin/python3.10 (found version "3.10.12") found components: Interpreter 
-- Override CMake install command with custom implementation using symlinks instead of copying resources
-- Found ament_lint_auto: 0.12.8 (/opt/ros/humble/share/ament_lint_auto/cmake)
-- Added test 'lint_cmake' to check CMake code style
-- Added test 'xmllint' to check XML markup files
-- Configuring done
-- Generating done
-- Build files have been written to: /home/xiaobaige/dual_iiwa_project/build/dual_iiwa_bringup
-- Install configuration: ""
-- Execute custom install script
-- Symlinking: /home/xiaobaige/dual_iiwa_project/install/dual_iiwa_bringup/share/ament_index/resource_index/package_run_dependencies/dual_iiwa_bringup
-- Symlinking: /home/xiaobaige/dual_iiwa_project/install/dual_iiwa_bringup/share/ament_index/resource_index/parent_prefix_path/dual_iiwa_bringup
-- Symlinking: /home/xiaobaige/dual_iiwa_project/install/dual_iiwa_bringup/share/dual_iiwa_bringup/environment/ament_prefix_path.sh
-- Symlinking: /home/xiaobaige/dual_iiwa_project/install/dual_iiwa_bringup/share/dual_iiwa_bringup/environment/ament_prefix_path.dsv
-- Symlinking: /home/xiaobaige/dual_iiwa_project/install/dual_iiwa_bringup/share/dual_iiwa_bringup/environment/path.sh
-- Symlinking: /home/xiaobaige/dual_iiwa_project/install/dual_iiwa_bringup/share/dual_iiwa_bringup/environment/path.dsv
-- Symlinking: /home/xiaobaige/dual_iiwa_project/install/dual_iiwa_bringup/share/dual_iiwa_bringup/local_setup.bash
-- Symlinking: /home/xiaobaige/dual_iiwa_project/install/dual_iiwa_bringup/share/dual_iiwa_bringup/local_setup.sh
-- Symlinking: /home/xiaobaige/dual_iiwa_project/install/dual_iiwa_bringup/share/dual_iiwa_bringup/local_setup.zsh
-- Symlinking: /home/xiaobaige/dual_iiwa_project/install/dual_iiwa_bringup/share/dual_iiwa_bringup/local_setup.dsv
-- Symlinking: /home/xiaobaige/dual_iiwa_project/install/dual_iiwa_bringup/share/dual_iiwa_bringup/package.dsv
-- Symlinking: /home/xiaobaige/dual_iiwa_project/install/dual_iiwa_bringup/share/ament_index/resource_index/packages/dual_iiwa_bringup
-- Symlinking: /home/xiaobaige/dual_iiwa_project/install/dual_iiwa_bringup/share/dual_iiwa_bringup/cmake/dual_iiwa_bringupConfig.cmake
-- Symlinking: /home/xiaobaige/dual_iiwa_project/install/dual_iiwa_bringup/share/dual_iiwa_bringup/cmake/dual_iiwa_bringupConfig-version.cmake
-- Symlinking: /home/xiaobaige/dual_iiwa_project/install/dual_iiwa_bringup/share/dual_iiwa_bringup/package.xml
