-- The C compiler identification is GNU 11.4.0
-- The CXX compiler identification is GNU 11.4.0
-- Detecting C compiler ABI info
-- Detecting C compiler ABI info - done
-- Check for working C compiler: /usr/bin/cc - skipped
-- Detecting C compile features
-- Detecting C compile features - done
-- Detecting CXX compiler ABI info
-- Detecting CXX compiler ABI info - done
-- Check for working CXX compiler: /usr/bin/c++ - skipped
-- Detecting CXX compile features
-- Detecting CXX compile features - done
-- Found moveit_common: 2.5.5 (/opt/ros/humble/share/moveit_common/cmake)
-- Found ament_cmake: 1.3.5 (/opt/ros/humble/share/ament_cmake/cmake)
-- Found Python3: /usr/bin/python3.10 (found version "3.10.12") found components: Interpreter 
-- Override CMake install command with custom implementation using symlinks instead of copying resources
-- Found libdw: /usr/lib/x86_64-linux-gnu/libdw.so  
-- Could NOT find libbfd (missing: LIBBFD_LIBRARY LIBBFD_INCLUDE_DIR) 
-- BACKWARD_HAS_UNWIND=1
-- BACKWARD_HAS_BACKTRACE=0
-- BACKWARD_HAS_BACKTRACE_SYMBOL=0
-- BACKWARD_HAS_DW=1
-- BACKWARD_HAS_BFD=0
-- Found Backward: /opt/ros/humble/share/backward_ros/cmake  
[0miiwa_moveit2: You did not request a specific build type: Choosing 'Release' for maximum performance[0m
-- Found control_msgs: 4.4.0 (/opt/ros/humble/share/control_msgs/cmake)
-- Found rosidl_generator_c: 3.1.5 (/opt/ros/humble/share/rosidl_generator_c/cmake)
-- Found rosidl_adapter: 3.1.5 (/opt/ros/humble/share/rosidl_adapter/cmake)
-- Found rosidl_generator_cpp: 3.1.5 (/opt/ros/humble/share/rosidl_generator_cpp/cmake)
-- Using all available rosidl_typesupport_c: rosidl_typesupport_fastrtps_c;rosidl_typesupport_introspection_c
-- Using all available rosidl_typesupport_cpp: rosidl_typesupport_fastrtps_cpp;rosidl_typesupport_introspection_cpp
-- Found moveit_core: 2.5.5 (/opt/ros/humble/share/moveit_core/cmake)
-- Found Boost: /usr/lib/x86_64-linux-gnu/cmake/Boost-1.74.0/BoostConfig.cmake (found version "1.74.0") found components: chrono date_time filesystem iostreams program_options regex serialization system thread 
-- Found parameter_traits: 0.3.6 (/opt/ros/humble/share/parameter_traits/cmake)
-- Found rmw_implementation_cmake: 6.1.1 (/opt/ros/humble/share/rmw_implementation_cmake/cmake)
-- Found rmw_cyclonedds_cpp: 1.3.4 (/opt/ros/humble/share/rmw_cyclonedds_cpp/cmake)
-- Using RMW implementation 'rmw_cyclonedds_cpp' as default
-- Found Threads: TRUE  
-- Found rclcpp_lifecycle: 16.0.6 (/opt/ros/humble/share/rclcpp_lifecycle/cmake)
-- Found Boost: /usr/lib/x86_64-linux-gnu/cmake/Boost-1.74.0/BoostConfig.cmake (found version "1.74.0") found components: filesystem 
-- library: /usr/lib/x86_64-linux-gnu/libcurl.so
-- Found Eigen3: TRUE (found version "3.4.0") 
-- Ensuring Eigen3 include directory is part of orocos-kdl CMake target
-- Found moveit_servo: 2.5.5 (/opt/ros/humble/share/moveit_servo/cmake)
-- Found Boost: /usr/lib/x86_64-linux-gnu/cmake/Boost-1.74.0/BoostConfig.cmake (found version "1.74.0") found components: system filesystem date_time program_options thread chrono 
-- Found ament_cmake_gtest: 1.3.5 (/opt/ros/humble/share/ament_cmake_gtest/cmake)
-- Found ament_lint_auto: 0.12.8 (/opt/ros/humble/share/ament_lint_auto/cmake)
-- Added test 'copyright' to check source files copyright and LICENSE
-- Added test 'cppcheck' to perform static code analysis on C / C++ code
-- Configured cppcheck include dirs: 
-- Configured cppcheck exclude dirs and/or files: 
-- Added test 'cpplint' to check C / C++ code against the Google style
-- Configured cpplint exclude dirs and/or files: 
-- Added test 'lint_cmake' to check CMake code style
-- Added test 'uncrustify' to check C / C++ code style
-- Configured uncrustify additional arguments: 
-- Added test 'xmllint' to check XML markup files
-- Configuring done
-- Generating done
-- Build files have been written to: /home/xiaobaige/dual_iiwa_project/build/iiwa_moveit2
[ 50%] [32mBuilding CXX object CMakeFiles/servo_controller_input.dir/src/joystick_servo.cpp.o[0m
[ 50%] [32mBuilding CXX object CMakeFiles/pose_tracking_servo_node.dir/src/pose_tracking_servo.cpp.o[0m
[ 50%] [32mBuilding CXX object CMakeFiles/servo_node.dir/src/servo_node.cpp.o[0m
[ 66%] [32m[1mLinking CXX executable servo_node[0m
[ 66%] Built target servo_node
[ 83%] [32m[1mLinking CXX shared library libservo_controller_input.so[0m
[ 83%] Built target servo_controller_input
[100%] [32m[1mLinking CXX executable pose_tracking_servo_node[0m
[100%] Built target pose_tracking_servo_node
-- Install configuration: "Release"
-- Execute custom install script
-- Symlinking: /home/xiaobaige/dual_iiwa_project/install/iiwa_moveit2/lib/iiwa_moveit2/pose_tracking_servo_node
-- Symlinking: /home/xiaobaige/dual_iiwa_project/install/iiwa_moveit2/lib/iiwa_moveit2/servo_node
-- Symlinking: /home/xiaobaige/dual_iiwa_project/install/iiwa_moveit2/share/iiwa_moveit2/environment/library_path.sh
-- Symlinking: /home/xiaobaige/dual_iiwa_project/install/iiwa_moveit2/share/iiwa_moveit2/environment/library_path.dsv
-- Symlinking: /home/xiaobaige/dual_iiwa_project/install/iiwa_moveit2/share/ament_index/resource_index/package_run_dependencies/iiwa_moveit2
-- Symlinking: /home/xiaobaige/dual_iiwa_project/install/iiwa_moveit2/share/ament_index/resource_index/parent_prefix_path/iiwa_moveit2
-- Symlinking: /home/xiaobaige/dual_iiwa_project/install/iiwa_moveit2/share/iiwa_moveit2/environment/ament_prefix_path.sh
-- Symlinking: /home/xiaobaige/dual_iiwa_project/install/iiwa_moveit2/share/iiwa_moveit2/environment/ament_prefix_path.dsv
-- Symlinking: /home/xiaobaige/dual_iiwa_project/install/iiwa_moveit2/share/iiwa_moveit2/environment/path.sh
-- Symlinking: /home/xiaobaige/dual_iiwa_project/install/iiwa_moveit2/share/iiwa_moveit2/environment/path.dsv
-- Symlinking: /home/xiaobaige/dual_iiwa_project/install/iiwa_moveit2/share/iiwa_moveit2/local_setup.bash
-- Symlinking: /home/xiaobaige/dual_iiwa_project/install/iiwa_moveit2/share/iiwa_moveit2/local_setup.sh
-- Symlinking: /home/xiaobaige/dual_iiwa_project/install/iiwa_moveit2/share/iiwa_moveit2/local_setup.zsh
-- Symlinking: /home/xiaobaige/dual_iiwa_project/install/iiwa_moveit2/share/iiwa_moveit2/local_setup.dsv
-- Symlinking: /home/xiaobaige/dual_iiwa_project/install/iiwa_moveit2/share/iiwa_moveit2/package.dsv
-- Symlinking: /home/xiaobaige/dual_iiwa_project/install/iiwa_moveit2/share/ament_index/resource_index/packages/iiwa_moveit2
-- Symlinking: /home/xiaobaige/dual_iiwa_project/install/iiwa_moveit2/share/ament_index/resource_index/rclcpp_components/iiwa_moveit2
-- Symlinking: /home/xiaobaige/dual_iiwa_project/install/iiwa_moveit2/share/iiwa_moveit2/cmake/ament_cmake_export_targets-extras.cmake
-- Symlinking: /home/xiaobaige/dual_iiwa_project/install/iiwa_moveit2/share/iiwa_moveit2/cmake/ament_cmake_export_dependencies-extras.cmake
-- Symlinking: /home/xiaobaige/dual_iiwa_project/install/iiwa_moveit2/share/iiwa_moveit2/cmake/iiwa_moveit2Config.cmake
-- Symlinking: /home/xiaobaige/dual_iiwa_project/install/iiwa_moveit2/share/iiwa_moveit2/cmake/iiwa_moveit2Config-version.cmake
-- Symlinking: /home/xiaobaige/dual_iiwa_project/install/iiwa_moveit2/share/iiwa_moveit2/package.xml
-- Installing: /home/xiaobaige/dual_iiwa_project/install/iiwa_moveit2/lib/libservo_controller_input.so
-- Set runtime path of "/home/xiaobaige/dual_iiwa_project/install/iiwa_moveit2/lib/libservo_controller_input.so" to ""
-- Installing: /home/xiaobaige/dual_iiwa_project/install/iiwa_moveit2/share/iiwa_moveit2/cmake/export_iiwa_moveit2Export.cmake
-- Installing: /home/xiaobaige/dual_iiwa_project/install/iiwa_moveit2/share/iiwa_moveit2/cmake/export_iiwa_moveit2Export-release.cmake
