[0.081s] Invoking command in '/home/xiaobaige/dual_iiwa_project/build/iiwa_moveit2': CMAKE_PREFIX_PATH=/home/xiaobaige/ros2_ws/install/moveit_task_constructor_visualization:/home/xiaobaige/ros2_ws/install/moveit_task_constructor_demo:/home/xiaobaige/ros2_ws/install/moveit_task_constructor_capabilities:/home/xiaobaige/ros2_ws/install/moveit2_tutorials:/home/xiaobaige/ros2_ws/install/moveit_task_constructor_core:/home/xiaobaige/ros2_ws/install/rviz_marker_tools:/home/xiaobaige/ros2_ws/install/moveit_task_constructor_msgs:/home/xiaobaige/ros2_ws/install/impedance_controller:/home/xiaobaige/ros2_ws/install/iiwa_moveit2:/home/xiaobaige/ros2_ws/install/iiwa_hardware:/home/xiaobaige/ros2_ws/install/iiwa_bringup:/home/xiaobaige/ros2_ws/install/iiwa_description:/home/xiaobaige/ros2_ws/install/external_torque_sensor_broadcaster:/home/xiaobaige/UR5e_Vision_Assemble/install/bringup:/home/xiaobaige/UR5e_Vision_Assemble/install/ur_moveit_config:/home/xiaobaige/UR5e_Vision_Assemble/install/ur5e_gripper_control:/home/xiaobaige/UR5e_Vision_Assemble/install/dual_ur5e_gripper_moveit_config:/home/xiaobaige/UR5e_Vision_Assemble/install/ur5e_gripper_moveit_config:/home/xiaobaige/UR5e_Vision_Assemble/install/ur5e_gripper_description:/home/xiaobaige/UR5e_Vision_Assemble/install/ur_description:/home/xiaobaige/UR5e_Vision_Assemble/install/robotiq_moveit_config:/home/xiaobaige/UR5e_Vision_Assemble/install/robotiq_description:/home/xiaobaige/UR5e_Vision_Assemble/install/vision:/opt/ros/humble:/home/xiaobaige/UR5e_Vision_Assemble/install/realsense_gazebo_plugin:/home/xiaobaige/UR5e_Vision_Assemble/install/realsense2_description:/home/xiaobaige/UR5e_Vision_Assemble/install/realsense2_camera_msgs:/home/xiaobaige/UR5e_Vision_Assemble/install/gazebo_grasp_plugin_ros:/home/xiaobaige/UR5e_Vision_Assemble/install/gazebo_grasp_plugin:/home/xiaobaige/UR5e_Vision_Assemble/install/gazebo_version_helpers /usr/bin/cmake /home/xiaobaige/dual_iiwa_project/src/libs/iiwa_ros2/iiwa_moveit2 -DAMENT_CMAKE_SYMLINK_INSTALL=1 -DCMAKE_INSTALL_PREFIX=/home/xiaobaige/dual_iiwa_project/install/iiwa_moveit2
[0.108s] -- The C compiler identification is GNU 11.4.0
[0.140s] -- The CXX compiler identification is GNU 11.4.0
[0.144s] -- Detecting C compiler ABI info
[0.180s] -- Detecting C compiler ABI info - done
[0.184s] -- Check for working C compiler: /usr/bin/cc - skipped
[0.184s] -- Detecting C compile features
[0.184s] -- Detecting C compile features - done
[0.185s] -- Detecting CXX compiler ABI info
[0.227s] -- Detecting CXX compiler ABI info - done
[0.231s] -- Check for working CXX compiler: /usr/bin/c++ - skipped
[0.231s] -- Detecting CXX compile features
[0.231s] -- Detecting CXX compile features - done
[0.233s] -- Found moveit_common: 2.5.5 (/opt/ros/humble/share/moveit_common/cmake)
[0.235s] -- Found ament_cmake: 1.3.5 (/opt/ros/humble/share/ament_cmake/cmake)
[0.333s] -- Found Python3: /usr/bin/python3.10 (found version "3.10.12") found components: Interpreter 
[0.372s] -- Override CMake install command with custom implementation using symlinks instead of copying resources
[0.440s] -- Found libdw: /usr/lib/x86_64-linux-gnu/libdw.so  
[0.445s] -- Could NOT find libbfd (missing: LIBBFD_LIBRARY LIBBFD_INCLUDE_DIR) 
[0.445s] -- BACKWARD_HAS_UNWIND=1
[0.445s] -- BACKWARD_HAS_BACKTRACE=0
[0.445s] -- BACKWARD_HAS_BACKTRACE_SYMBOL=0
[0.445s] -- BACKWARD_HAS_DW=1
[0.445s] -- BACKWARD_HAS_BFD=0
[0.445s] -- Found Backward: /opt/ros/humble/share/backward_ros/cmake  
[0.445s] [0miiwa_moveit2: You did not request a specific build type: Choosing 'Release' for maximum performance[0m
[0.445s] -- Found control_msgs: 4.4.0 (/opt/ros/humble/share/control_msgs/cmake)
[0.469s] -- Found rosidl_generator_c: 3.1.5 (/opt/ros/humble/share/rosidl_generator_c/cmake)
[0.473s] -- Found rosidl_adapter: 3.1.5 (/opt/ros/humble/share/rosidl_adapter/cmake)
[0.479s] -- Found rosidl_generator_cpp: 3.1.5 (/opt/ros/humble/share/rosidl_generator_cpp/cmake)
[0.488s] -- Using all available rosidl_typesupport_c: rosidl_typesupport_fastrtps_c;rosidl_typesupport_introspection_c
[0.502s] -- Using all available rosidl_typesupport_cpp: rosidl_typesupport_fastrtps_cpp;rosidl_typesupport_introspection_cpp
[0.788s] -- Found moveit_core: 2.5.5 (/opt/ros/humble/share/moveit_core/cmake)
[0.917s] -- Found Boost: /usr/lib/x86_64-linux-gnu/cmake/Boost-1.74.0/BoostConfig.cmake (found version "1.74.0") found components: chrono date_time filesystem iostreams program_options regex serialization system thread 
[0.929s] -- Found parameter_traits: 0.3.6 (/opt/ros/humble/share/parameter_traits/cmake)
[0.968s] -- Found rmw_implementation_cmake: 6.1.1 (/opt/ros/humble/share/rmw_implementation_cmake/cmake)
[0.970s] -- Found rmw_cyclonedds_cpp: 1.3.4 (/opt/ros/humble/share/rmw_cyclonedds_cpp/cmake)
[0.991s] -- Using RMW implementation 'rmw_cyclonedds_cpp' as default
[0.998s] -- Found Threads: TRUE  
[1.080s] -- Found rclcpp_lifecycle: 16.0.6 (/opt/ros/humble/share/rclcpp_lifecycle/cmake)
[1.106s] -- Found Boost: /usr/lib/x86_64-linux-gnu/cmake/Boost-1.74.0/BoostConfig.cmake (found version "1.74.0") found components: filesystem 
[1.160s] -- library: /usr/lib/x86_64-linux-gnu/libcurl.so
[1.275s] -- Found Eigen3: TRUE (found version "3.4.0") 
[1.275s] -- Ensuring Eigen3 include directory is part of orocos-kdl CMake target
[1.797s] -- Found moveit_servo: 2.5.5 (/opt/ros/humble/share/moveit_servo/cmake)
[1.891s] -- Found Boost: /usr/lib/x86_64-linux-gnu/cmake/Boost-1.74.0/BoostConfig.cmake (found version "1.74.0") found components: system filesystem date_time program_options thread chrono 
[2.298s] -- Found ament_cmake_gtest: 1.3.5 (/opt/ros/humble/share/ament_cmake_gtest/cmake)
[2.300s] -- Found ament_lint_auto: 0.12.8 (/opt/ros/humble/share/ament_lint_auto/cmake)
[2.317s] -- Added test 'copyright' to check source files copyright and LICENSE
[2.318s] -- Added test 'cppcheck' to perform static code analysis on C / C++ code
[2.318s] -- Configured cppcheck include dirs: 
[2.318s] -- Configured cppcheck exclude dirs and/or files: 
[2.318s] -- Added test 'cpplint' to check C / C++ code against the Google style
[2.318s] -- Configured cpplint exclude dirs and/or files: 
[2.319s] -- Added test 'lint_cmake' to check CMake code style
[2.319s] -- Added test 'uncrustify' to check C / C++ code style
[2.319s] -- Configured uncrustify additional arguments: 
[2.319s] -- Added test 'xmllint' to check XML markup files
[2.321s] -- Configuring done
[2.345s] -- Generating done
[2.346s] -- Build files have been written to: /home/xiaobaige/dual_iiwa_project/build/iiwa_moveit2
[2.355s] Invoked command in '/home/xiaobaige/dual_iiwa_project/build/iiwa_moveit2' returned '0': CMAKE_PREFIX_PATH=/home/xiaobaige/ros2_ws/install/moveit_task_constructor_visualization:/home/xiaobaige/ros2_ws/install/moveit_task_constructor_demo:/home/xiaobaige/ros2_ws/install/moveit_task_constructor_capabilities:/home/xiaobaige/ros2_ws/install/moveit2_tutorials:/home/xiaobaige/ros2_ws/install/moveit_task_constructor_core:/home/xiaobaige/ros2_ws/install/rviz_marker_tools:/home/xiaobaige/ros2_ws/install/moveit_task_constructor_msgs:/home/xiaobaige/ros2_ws/install/impedance_controller:/home/xiaobaige/ros2_ws/install/iiwa_moveit2:/home/xiaobaige/ros2_ws/install/iiwa_hardware:/home/xiaobaige/ros2_ws/install/iiwa_bringup:/home/xiaobaige/ros2_ws/install/iiwa_description:/home/xiaobaige/ros2_ws/install/external_torque_sensor_broadcaster:/home/xiaobaige/UR5e_Vision_Assemble/install/bringup:/home/xiaobaige/UR5e_Vision_Assemble/install/ur_moveit_config:/home/xiaobaige/UR5e_Vision_Assemble/install/ur5e_gripper_control:/home/xiaobaige/UR5e_Vision_Assemble/install/dual_ur5e_gripper_moveit_config:/home/xiaobaige/UR5e_Vision_Assemble/install/ur5e_gripper_moveit_config:/home/xiaobaige/UR5e_Vision_Assemble/install/ur5e_gripper_description:/home/xiaobaige/UR5e_Vision_Assemble/install/ur_description:/home/xiaobaige/UR5e_Vision_Assemble/install/robotiq_moveit_config:/home/xiaobaige/UR5e_Vision_Assemble/install/robotiq_description:/home/xiaobaige/UR5e_Vision_Assemble/install/vision:/opt/ros/humble:/home/xiaobaige/UR5e_Vision_Assemble/install/realsense_gazebo_plugin:/home/xiaobaige/UR5e_Vision_Assemble/install/realsense2_description:/home/xiaobaige/UR5e_Vision_Assemble/install/realsense2_camera_msgs:/home/xiaobaige/UR5e_Vision_Assemble/install/gazebo_grasp_plugin_ros:/home/xiaobaige/UR5e_Vision_Assemble/install/gazebo_grasp_plugin:/home/xiaobaige/UR5e_Vision_Assemble/install/gazebo_version_helpers /usr/bin/cmake /home/xiaobaige/dual_iiwa_project/src/libs/iiwa_ros2/iiwa_moveit2 -DAMENT_CMAKE_SYMLINK_INSTALL=1 -DCMAKE_INSTALL_PREFIX=/home/xiaobaige/dual_iiwa_project/install/iiwa_moveit2
[2.355s] Invoking command in '/home/xiaobaige/dual_iiwa_project/build/iiwa_moveit2': CMAKE_PREFIX_PATH=/home/xiaobaige/ros2_ws/install/moveit_task_constructor_visualization:/home/xiaobaige/ros2_ws/install/moveit_task_constructor_demo:/home/xiaobaige/ros2_ws/install/moveit_task_constructor_capabilities:/home/xiaobaige/ros2_ws/install/moveit2_tutorials:/home/xiaobaige/ros2_ws/install/moveit_task_constructor_core:/home/xiaobaige/ros2_ws/install/rviz_marker_tools:/home/xiaobaige/ros2_ws/install/moveit_task_constructor_msgs:/home/xiaobaige/ros2_ws/install/impedance_controller:/home/xiaobaige/ros2_ws/install/iiwa_moveit2:/home/xiaobaige/ros2_ws/install/iiwa_hardware:/home/xiaobaige/ros2_ws/install/iiwa_bringup:/home/xiaobaige/ros2_ws/install/iiwa_description:/home/xiaobaige/ros2_ws/install/external_torque_sensor_broadcaster:/home/xiaobaige/UR5e_Vision_Assemble/install/bringup:/home/xiaobaige/UR5e_Vision_Assemble/install/ur_moveit_config:/home/xiaobaige/UR5e_Vision_Assemble/install/ur5e_gripper_control:/home/xiaobaige/UR5e_Vision_Assemble/install/dual_ur5e_gripper_moveit_config:/home/xiaobaige/UR5e_Vision_Assemble/install/ur5e_gripper_moveit_config:/home/xiaobaige/UR5e_Vision_Assemble/install/ur5e_gripper_description:/home/xiaobaige/UR5e_Vision_Assemble/install/ur_description:/home/xiaobaige/UR5e_Vision_Assemble/install/robotiq_moveit_config:/home/xiaobaige/UR5e_Vision_Assemble/install/robotiq_description:/home/xiaobaige/UR5e_Vision_Assemble/install/vision:/opt/ros/humble:/home/xiaobaige/UR5e_Vision_Assemble/install/realsense_gazebo_plugin:/home/xiaobaige/UR5e_Vision_Assemble/install/realsense2_description:/home/xiaobaige/UR5e_Vision_Assemble/install/realsense2_camera_msgs:/home/xiaobaige/UR5e_Vision_Assemble/install/gazebo_grasp_plugin_ros:/home/xiaobaige/UR5e_Vision_Assemble/install/gazebo_grasp_plugin:/home/xiaobaige/UR5e_Vision_Assemble/install/gazebo_version_helpers /usr/bin/cmake --build /home/xiaobaige/dual_iiwa_project/build/iiwa_moveit2 -- -j24 -l24
[2.385s] [ 50%] [32mBuilding CXX object CMakeFiles/servo_controller_input.dir/src/joystick_servo.cpp.o[0m
[2.385s] [ 50%] [32mBuilding CXX object CMakeFiles/pose_tracking_servo_node.dir/src/pose_tracking_servo.cpp.o[0m
[2.385s] [ 50%] [32mBuilding CXX object CMakeFiles/servo_node.dir/src/servo_node.cpp.o[0m
[7.543s] [ 66%] [32m[1mLinking CXX executable servo_node[0m
[7.698s] [ 66%] Built target servo_node
[9.845s] [ 83%] [32m[1mLinking CXX shared library libservo_controller_input.so[0m
[10.100s] [ 83%] Built target servo_controller_input
[11.568s] [100%] [32m[1mLinking CXX executable pose_tracking_servo_node[0m
[11.756s] [100%] Built target pose_tracking_servo_node
[11.763s] Invoked command in '/home/xiaobaige/dual_iiwa_project/build/iiwa_moveit2' returned '0': CMAKE_PREFIX_PATH=/home/xiaobaige/ros2_ws/install/moveit_task_constructor_visualization:/home/xiaobaige/ros2_ws/install/moveit_task_constructor_demo:/home/xiaobaige/ros2_ws/install/moveit_task_constructor_capabilities:/home/xiaobaige/ros2_ws/install/moveit2_tutorials:/home/xiaobaige/ros2_ws/install/moveit_task_constructor_core:/home/xiaobaige/ros2_ws/install/rviz_marker_tools:/home/xiaobaige/ros2_ws/install/moveit_task_constructor_msgs:/home/xiaobaige/ros2_ws/install/impedance_controller:/home/xiaobaige/ros2_ws/install/iiwa_moveit2:/home/xiaobaige/ros2_ws/install/iiwa_hardware:/home/xiaobaige/ros2_ws/install/iiwa_bringup:/home/xiaobaige/ros2_ws/install/iiwa_description:/home/xiaobaige/ros2_ws/install/external_torque_sensor_broadcaster:/home/xiaobaige/UR5e_Vision_Assemble/install/bringup:/home/xiaobaige/UR5e_Vision_Assemble/install/ur_moveit_config:/home/xiaobaige/UR5e_Vision_Assemble/install/ur5e_gripper_control:/home/xiaobaige/UR5e_Vision_Assemble/install/dual_ur5e_gripper_moveit_config:/home/xiaobaige/UR5e_Vision_Assemble/install/ur5e_gripper_moveit_config:/home/xiaobaige/UR5e_Vision_Assemble/install/ur5e_gripper_description:/home/xiaobaige/UR5e_Vision_Assemble/install/ur_description:/home/xiaobaige/UR5e_Vision_Assemble/install/robotiq_moveit_config:/home/xiaobaige/UR5e_Vision_Assemble/install/robotiq_description:/home/xiaobaige/UR5e_Vision_Assemble/install/vision:/opt/ros/humble:/home/xiaobaige/UR5e_Vision_Assemble/install/realsense_gazebo_plugin:/home/xiaobaige/UR5e_Vision_Assemble/install/realsense2_description:/home/xiaobaige/UR5e_Vision_Assemble/install/realsense2_camera_msgs:/home/xiaobaige/UR5e_Vision_Assemble/install/gazebo_grasp_plugin_ros:/home/xiaobaige/UR5e_Vision_Assemble/install/gazebo_grasp_plugin:/home/xiaobaige/UR5e_Vision_Assemble/install/gazebo_version_helpers /usr/bin/cmake --build /home/xiaobaige/dual_iiwa_project/build/iiwa_moveit2 -- -j24 -l24
[11.779s] Invoking command in '/home/xiaobaige/dual_iiwa_project/build/iiwa_moveit2': CMAKE_PREFIX_PATH=/home/xiaobaige/ros2_ws/install/moveit_task_constructor_visualization:/home/xiaobaige/ros2_ws/install/moveit_task_constructor_demo:/home/xiaobaige/ros2_ws/install/moveit_task_constructor_capabilities:/home/xiaobaige/ros2_ws/install/moveit2_tutorials:/home/xiaobaige/ros2_ws/install/moveit_task_constructor_core:/home/xiaobaige/ros2_ws/install/rviz_marker_tools:/home/xiaobaige/ros2_ws/install/moveit_task_constructor_msgs:/home/xiaobaige/ros2_ws/install/impedance_controller:/home/xiaobaige/ros2_ws/install/iiwa_moveit2:/home/xiaobaige/ros2_ws/install/iiwa_hardware:/home/xiaobaige/ros2_ws/install/iiwa_bringup:/home/xiaobaige/ros2_ws/install/iiwa_description:/home/xiaobaige/ros2_ws/install/external_torque_sensor_broadcaster:/home/xiaobaige/UR5e_Vision_Assemble/install/bringup:/home/xiaobaige/UR5e_Vision_Assemble/install/ur_moveit_config:/home/xiaobaige/UR5e_Vision_Assemble/install/ur5e_gripper_control:/home/xiaobaige/UR5e_Vision_Assemble/install/dual_ur5e_gripper_moveit_config:/home/xiaobaige/UR5e_Vision_Assemble/install/ur5e_gripper_moveit_config:/home/xiaobaige/UR5e_Vision_Assemble/install/ur5e_gripper_description:/home/xiaobaige/UR5e_Vision_Assemble/install/ur_description:/home/xiaobaige/UR5e_Vision_Assemble/install/robotiq_moveit_config:/home/xiaobaige/UR5e_Vision_Assemble/install/robotiq_description:/home/xiaobaige/UR5e_Vision_Assemble/install/vision:/opt/ros/humble:/home/xiaobaige/UR5e_Vision_Assemble/install/realsense_gazebo_plugin:/home/xiaobaige/UR5e_Vision_Assemble/install/realsense2_description:/home/xiaobaige/UR5e_Vision_Assemble/install/realsense2_camera_msgs:/home/xiaobaige/UR5e_Vision_Assemble/install/gazebo_grasp_plugin_ros:/home/xiaobaige/UR5e_Vision_Assemble/install/gazebo_grasp_plugin:/home/xiaobaige/UR5e_Vision_Assemble/install/gazebo_version_helpers /usr/bin/cmake --install /home/xiaobaige/dual_iiwa_project/build/iiwa_moveit2
[11.783s] -- Install configuration: "Release"
[11.783s] -- Execute custom install script
[11.784s] -- Symlinking: /home/xiaobaige/dual_iiwa_project/install/iiwa_moveit2/lib/iiwa_moveit2/pose_tracking_servo_node
[11.788s] -- Symlinking: /home/xiaobaige/dual_iiwa_project/install/iiwa_moveit2/lib/iiwa_moveit2/servo_node
[11.792s] -- Symlinking: /home/xiaobaige/dual_iiwa_project/install/iiwa_moveit2/share/iiwa_moveit2/environment/library_path.sh
[11.796s] -- Symlinking: /home/xiaobaige/dual_iiwa_project/install/iiwa_moveit2/share/iiwa_moveit2/environment/library_path.dsv
[11.800s] -- Symlinking: /home/xiaobaige/dual_iiwa_project/install/iiwa_moveit2/share/ament_index/resource_index/package_run_dependencies/iiwa_moveit2
[11.804s] -- Symlinking: /home/xiaobaige/dual_iiwa_project/install/iiwa_moveit2/share/ament_index/resource_index/parent_prefix_path/iiwa_moveit2
[11.809s] -- Symlinking: /home/xiaobaige/dual_iiwa_project/install/iiwa_moveit2/share/iiwa_moveit2/environment/ament_prefix_path.sh
[11.813s] -- Symlinking: /home/xiaobaige/dual_iiwa_project/install/iiwa_moveit2/share/iiwa_moveit2/environment/ament_prefix_path.dsv
[11.817s] -- Symlinking: /home/xiaobaige/dual_iiwa_project/install/iiwa_moveit2/share/iiwa_moveit2/environment/path.sh
[11.821s] -- Symlinking: /home/xiaobaige/dual_iiwa_project/install/iiwa_moveit2/share/iiwa_moveit2/environment/path.dsv
[11.825s] -- Symlinking: /home/xiaobaige/dual_iiwa_project/install/iiwa_moveit2/share/iiwa_moveit2/local_setup.bash
[11.830s] -- Symlinking: /home/xiaobaige/dual_iiwa_project/install/iiwa_moveit2/share/iiwa_moveit2/local_setup.sh
[11.834s] -- Symlinking: /home/xiaobaige/dual_iiwa_project/install/iiwa_moveit2/share/iiwa_moveit2/local_setup.zsh
[11.838s] -- Symlinking: /home/xiaobaige/dual_iiwa_project/install/iiwa_moveit2/share/iiwa_moveit2/local_setup.dsv
[11.842s] -- Symlinking: /home/xiaobaige/dual_iiwa_project/install/iiwa_moveit2/share/iiwa_moveit2/package.dsv
[11.846s] -- Symlinking: /home/xiaobaige/dual_iiwa_project/install/iiwa_moveit2/share/ament_index/resource_index/packages/iiwa_moveit2
[11.850s] -- Symlinking: /home/xiaobaige/dual_iiwa_project/install/iiwa_moveit2/share/ament_index/resource_index/rclcpp_components/iiwa_moveit2
[11.854s] -- Symlinking: /home/xiaobaige/dual_iiwa_project/install/iiwa_moveit2/share/iiwa_moveit2/cmake/ament_cmake_export_targets-extras.cmake
[11.858s] -- Symlinking: /home/xiaobaige/dual_iiwa_project/install/iiwa_moveit2/share/iiwa_moveit2/cmake/ament_cmake_export_dependencies-extras.cmake
[11.862s] -- Symlinking: /home/xiaobaige/dual_iiwa_project/install/iiwa_moveit2/share/iiwa_moveit2/cmake/iiwa_moveit2Config.cmake
[11.866s] -- Symlinking: /home/xiaobaige/dual_iiwa_project/install/iiwa_moveit2/share/iiwa_moveit2/cmake/iiwa_moveit2Config-version.cmake
[11.870s] -- Symlinking: /home/xiaobaige/dual_iiwa_project/install/iiwa_moveit2/share/iiwa_moveit2/package.xml
[11.874s] -- Installing: /home/xiaobaige/dual_iiwa_project/install/iiwa_moveit2/lib/libservo_controller_input.so
[11.875s] -- Set runtime path of "/home/xiaobaige/dual_iiwa_project/install/iiwa_moveit2/lib/libservo_controller_input.so" to ""
[11.875s] -- Installing: /home/xiaobaige/dual_iiwa_project/install/iiwa_moveit2/share/iiwa_moveit2/cmake/export_iiwa_moveit2Export.cmake
[11.875s] -- Installing: /home/xiaobaige/dual_iiwa_project/install/iiwa_moveit2/share/iiwa_moveit2/cmake/export_iiwa_moveit2Export-release.cmake
[11.876s] Invoked command in '/home/xiaobaige/dual_iiwa_project/build/iiwa_moveit2' returned '0': CMAKE_PREFIX_PATH=/home/xiaobaige/ros2_ws/install/moveit_task_constructor_visualization:/home/xiaobaige/ros2_ws/install/moveit_task_constructor_demo:/home/xiaobaige/ros2_ws/install/moveit_task_constructor_capabilities:/home/xiaobaige/ros2_ws/install/moveit2_tutorials:/home/xiaobaige/ros2_ws/install/moveit_task_constructor_core:/home/xiaobaige/ros2_ws/install/rviz_marker_tools:/home/xiaobaige/ros2_ws/install/moveit_task_constructor_msgs:/home/xiaobaige/ros2_ws/install/impedance_controller:/home/xiaobaige/ros2_ws/install/iiwa_moveit2:/home/xiaobaige/ros2_ws/install/iiwa_hardware:/home/xiaobaige/ros2_ws/install/iiwa_bringup:/home/xiaobaige/ros2_ws/install/iiwa_description:/home/xiaobaige/ros2_ws/install/external_torque_sensor_broadcaster:/home/xiaobaige/UR5e_Vision_Assemble/install/bringup:/home/xiaobaige/UR5e_Vision_Assemble/install/ur_moveit_config:/home/xiaobaige/UR5e_Vision_Assemble/install/ur5e_gripper_control:/home/xiaobaige/UR5e_Vision_Assemble/install/dual_ur5e_gripper_moveit_config:/home/xiaobaige/UR5e_Vision_Assemble/install/ur5e_gripper_moveit_config:/home/xiaobaige/UR5e_Vision_Assemble/install/ur5e_gripper_description:/home/xiaobaige/UR5e_Vision_Assemble/install/ur_description:/home/xiaobaige/UR5e_Vision_Assemble/install/robotiq_moveit_config:/home/xiaobaige/UR5e_Vision_Assemble/install/robotiq_description:/home/xiaobaige/UR5e_Vision_Assemble/install/vision:/opt/ros/humble:/home/xiaobaige/UR5e_Vision_Assemble/install/realsense_gazebo_plugin:/home/xiaobaige/UR5e_Vision_Assemble/install/realsense2_description:/home/xiaobaige/UR5e_Vision_Assemble/install/realsense2_camera_msgs:/home/xiaobaige/UR5e_Vision_Assemble/install/gazebo_grasp_plugin_ros:/home/xiaobaige/UR5e_Vision_Assemble/install/gazebo_grasp_plugin:/home/xiaobaige/UR5e_Vision_Assemble/install/gazebo_version_helpers /usr/bin/cmake --install /home/xiaobaige/dual_iiwa_project/build/iiwa_moveit2
