[ 33%] Built target servo_controller_input
[ 66%] Built target servo_node
[100%] Built target pose_tracking_servo_node
-- Install configuration: "Release"
-- Execute custom install script
-- Up-to-date symlink: /home/xiaobaige/dual_iiwa_project/install/iiwa_moveit2/lib/iiwa_moveit2/pose_tracking_servo_node
-- Up-to-date symlink: /home/xiaobaige/dual_iiwa_project/install/iiwa_moveit2/lib/iiwa_moveit2/servo_node
-- Up-to-date symlink: /home/xiaobaige/dual_iiwa_project/install/iiwa_moveit2/share/iiwa_moveit2/environment/library_path.sh
-- Up-to-date symlink: /home/xiaobaige/dual_iiwa_project/install/iiwa_moveit2/share/iiwa_moveit2/environment/library_path.dsv
-- Up-to-date symlink: /home/xiaobaige/dual_iiwa_project/install/iiwa_moveit2/share/ament_index/resource_index/package_run_dependencies/iiwa_moveit2
-- Up-to-date symlink: /home/xiaobaige/dual_iiwa_project/install/iiwa_moveit2/share/ament_index/resource_index/parent_prefix_path/iiwa_moveit2
-- Up-to-date symlink: /home/xiaobaige/dual_iiwa_project/install/iiwa_moveit2/share/iiwa_moveit2/environment/ament_prefix_path.sh
-- Up-to-date symlink: /home/xiaobaige/dual_iiwa_project/install/iiwa_moveit2/share/iiwa_moveit2/environment/ament_prefix_path.dsv
-- Up-to-date symlink: /home/xiaobaige/dual_iiwa_project/install/iiwa_moveit2/share/iiwa_moveit2/environment/path.sh
-- Up-to-date symlink: /home/xiaobaige/dual_iiwa_project/install/iiwa_moveit2/share/iiwa_moveit2/environment/path.dsv
-- Up-to-date symlink: /home/xiaobaige/dual_iiwa_project/install/iiwa_moveit2/share/iiwa_moveit2/local_setup.bash
-- Up-to-date symlink: /home/xiaobaige/dual_iiwa_project/install/iiwa_moveit2/share/iiwa_moveit2/local_setup.sh
-- Up-to-date symlink: /home/xiaobaige/dual_iiwa_project/install/iiwa_moveit2/share/iiwa_moveit2/local_setup.zsh
-- Up-to-date symlink: /home/xiaobaige/dual_iiwa_project/install/iiwa_moveit2/share/iiwa_moveit2/local_setup.dsv
-- Symlinking: /home/xiaobaige/dual_iiwa_project/install/iiwa_moveit2/share/iiwa_moveit2/package.dsv
-- Up-to-date symlink: /home/xiaobaige/dual_iiwa_project/install/iiwa_moveit2/share/ament_index/resource_index/packages/iiwa_moveit2
-- Up-to-date symlink: /home/xiaobaige/dual_iiwa_project/install/iiwa_moveit2/share/ament_index/resource_index/rclcpp_components/iiwa_moveit2
-- Up-to-date symlink: /home/xiaobaige/dual_iiwa_project/install/iiwa_moveit2/share/iiwa_moveit2/cmake/ament_cmake_export_targets-extras.cmake
-- Up-to-date symlink: /home/xiaobaige/dual_iiwa_project/install/iiwa_moveit2/share/iiwa_moveit2/cmake/ament_cmake_export_dependencies-extras.cmake
-- Up-to-date symlink: /home/xiaobaige/dual_iiwa_project/install/iiwa_moveit2/share/iiwa_moveit2/cmake/iiwa_moveit2Config.cmake
-- Up-to-date symlink: /home/xiaobaige/dual_iiwa_project/install/iiwa_moveit2/share/iiwa_moveit2/cmake/iiwa_moveit2Config-version.cmake
-- Up-to-date symlink: /home/xiaobaige/dual_iiwa_project/install/iiwa_moveit2/share/iiwa_moveit2/package.xml
-- Up-to-date: /home/xiaobaige/dual_iiwa_project/install/iiwa_moveit2/lib/libservo_controller_input.so
-- Up-to-date: /home/xiaobaige/dual_iiwa_project/install/iiwa_moveit2/share/iiwa_moveit2/cmake/export_iiwa_moveit2Export.cmake
-- Up-to-date: /home/xiaobaige/dual_iiwa_project/install/iiwa_moveit2/share/iiwa_moveit2/cmake/export_iiwa_moveit2Export-release.cmake
