[0.044s] Invoking command in '/home/xiaobaige/dual_iiwa_project/build/iiwa_bringup': AMENT_PREFIX_PATH=/home/xiaobaige/dual_iiwa_project/install/iiwa_description:${AMENT_PREFIX_PATH} CMAKE_PREFIX_PATH=/home/xiaobaige/dual_iiwa_project/install/iiwa_description:/home/xiaobaige/ros2_ws/install/moveit_task_constructor_visualization:/home/xiaobaige/ros2_ws/install/moveit_task_constructor_demo:/home/xiaobaige/ros2_ws/install/moveit_task_constructor_capabilities:/home/xiaobaige/ros2_ws/install/moveit2_tutorials:/home/xiaobaige/ros2_ws/install/moveit_task_constructor_core:/home/xiaobaige/ros2_ws/install/rviz_marker_tools:/home/xiaobaige/ros2_ws/install/moveit_task_constructor_msgs:/home/xiaobaige/ros2_ws/install/impedance_controller:/home/xiaobaige/ros2_ws/install/iiwa_moveit2:/home/xiaobaige/ros2_ws/install/iiwa_hardware:/home/xiaobaige/ros2_ws/install/iiwa_bringup:/home/xiaobaige/ros2_ws/install/iiwa_description:/home/xiaobaige/ros2_ws/install/external_torque_sensor_broadcaster:/home/xiaobaige/UR5e_Vision_Assemble/install/bringup:/home/xiaobaige/UR5e_Vision_Assemble/install/ur_moveit_config:/home/xiaobaige/UR5e_Vision_Assemble/install/ur5e_gripper_control:/home/xiaobaige/UR5e_Vision_Assemble/install/dual_ur5e_gripper_moveit_config:/home/xiaobaige/UR5e_Vision_Assemble/install/ur5e_gripper_moveit_config:/home/xiaobaige/UR5e_Vision_Assemble/install/ur5e_gripper_description:/home/xiaobaige/UR5e_Vision_Assemble/install/ur_description:/home/xiaobaige/UR5e_Vision_Assemble/install/robotiq_moveit_config:/home/xiaobaige/UR5e_Vision_Assemble/install/robotiq_description:/home/xiaobaige/UR5e_Vision_Assemble/install/vision:/opt/ros/humble:/home/xiaobaige/UR5e_Vision_Assemble/install/realsense_gazebo_plugin:/home/xiaobaige/UR5e_Vision_Assemble/install/realsense2_description:/home/xiaobaige/UR5e_Vision_Assemble/install/realsense2_camera_msgs:/home/xiaobaige/UR5e_Vision_Assemble/install/gazebo_grasp_plugin_ros:/home/xiaobaige/UR5e_Vision_Assemble/install/gazebo_grasp_plugin:/home/xiaobaige/UR5e_Vision_Assemble/install/gazebo_version_helpers /usr/bin/cmake /home/xiaobaige/dual_iiwa_project/src/libs/iiwa_ros2/iiwa_bringup -DAMENT_CMAKE_SYMLINK_INSTALL=1 -DCMAKE_INSTALL_PREFIX=/home/xiaobaige/dual_iiwa_project/install/iiwa_bringup
[0.073s] -- The C compiler identification is GNU 11.4.0
[0.101s] -- The CXX compiler identification is GNU 11.4.0
[0.105s] -- Detecting C compiler ABI info
[0.141s] -- Detecting C compiler ABI info - done
[0.145s] -- Check for working C compiler: /usr/bin/cc - skipped
[0.145s] -- Detecting C compile features
[0.145s] -- Detecting C compile features - done
[0.146s] -- Detecting CXX compiler ABI info
[0.185s] -- Detecting CXX compiler ABI info - done
[0.189s] -- Check for working CXX compiler: /usr/bin/c++ - skipped
[0.189s] -- Detecting CXX compile features
[0.189s] -- Detecting CXX compile features - done
[0.191s] -- Found ament_cmake: 1.3.5 (/opt/ros/humble/share/ament_cmake/cmake)
[0.280s] -- Found Python3: /usr/bin/python3.10 (found version "3.10.12") found components: Interpreter 
[0.310s] -- Override CMake install command with custom implementation using symlinks instead of copying resources
[0.332s] -- Found rclcpp: 16.0.6 (/opt/ros/humble/share/rclcpp/cmake)
[0.362s] -- Found rosidl_generator_c: 3.1.5 (/opt/ros/humble/share/rosidl_generator_c/cmake)
[0.365s] -- Found rosidl_adapter: 3.1.5 (/opt/ros/humble/share/rosidl_adapter/cmake)
[0.371s] -- Found rosidl_generator_cpp: 3.1.5 (/opt/ros/humble/share/rosidl_generator_cpp/cmake)
[0.379s] -- Using all available rosidl_typesupport_c: rosidl_typesupport_fastrtps_c;rosidl_typesupport_introspection_c
[0.392s] -- Using all available rosidl_typesupport_cpp: rosidl_typesupport_fastrtps_cpp;rosidl_typesupport_introspection_cpp
[0.434s] -- Found rmw_implementation_cmake: 6.1.1 (/opt/ros/humble/share/rmw_implementation_cmake/cmake)
[0.436s] -- Found rmw_cyclonedds_cpp: 1.3.4 (/opt/ros/humble/share/rmw_cyclonedds_cpp/cmake)
[0.458s] -- Using RMW implementation 'rmw_cyclonedds_cpp' as default
[0.465s] -- Looking for pthread.h
[0.501s] -- Looking for pthread.h - found
[0.501s] -- Performing Test CMAKE_HAVE_LIBC_PTHREAD
[0.537s] -- Performing Test CMAKE_HAVE_LIBC_PTHREAD - Success
[0.537s] -- Found Threads: TRUE  
[0.624s] -- Found rclpy: 3.3.10 (/opt/ros/humble/share/rclpy/cmake)
[0.625s] -- Found sensor_msgs: 4.2.3 (/opt/ros/humble/share/sensor_msgs/cmake)
[0.692s] -- Found visualization_msgs: 4.2.3 (/opt/ros/humble/share/visualization_msgs/cmake)
[0.756s] -- Found ament_cmake_gtest: 1.3.5 (/opt/ros/humble/share/ament_cmake_gtest/cmake)
[0.757s] -- Found ament_lint_auto: 0.12.8 (/opt/ros/humble/share/ament_lint_auto/cmake)
[0.806s] -- Added test 'copyright' to check source files copyright and LICENSE
[0.806s] -- Added test 'flake8' to check Python code syntax and style conventions
[0.807s] -- Added test 'lint_cmake' to check CMake code style
[0.807s] -- Added test 'pep257' to check Python code against some of the docstring style conventions in PEP 257
[0.808s] -- Added test 'xmllint' to check XML markup files
[0.809s] -- Configuring done
[0.811s] -- Generating done
[0.811s] -- Build files have been written to: /home/xiaobaige/dual_iiwa_project/build/iiwa_bringup
[0.816s] Invoked command in '/home/xiaobaige/dual_iiwa_project/build/iiwa_bringup' returned '0': AMENT_PREFIX_PATH=/home/xiaobaige/dual_iiwa_project/install/iiwa_description:${AMENT_PREFIX_PATH} CMAKE_PREFIX_PATH=/home/xiaobaige/dual_iiwa_project/install/iiwa_description:/home/xiaobaige/ros2_ws/install/moveit_task_constructor_visualization:/home/xiaobaige/ros2_ws/install/moveit_task_constructor_demo:/home/xiaobaige/ros2_ws/install/moveit_task_constructor_capabilities:/home/xiaobaige/ros2_ws/install/moveit2_tutorials:/home/xiaobaige/ros2_ws/install/moveit_task_constructor_core:/home/xiaobaige/ros2_ws/install/rviz_marker_tools:/home/xiaobaige/ros2_ws/install/moveit_task_constructor_msgs:/home/xiaobaige/ros2_ws/install/impedance_controller:/home/xiaobaige/ros2_ws/install/iiwa_moveit2:/home/xiaobaige/ros2_ws/install/iiwa_hardware:/home/xiaobaige/ros2_ws/install/iiwa_bringup:/home/xiaobaige/ros2_ws/install/iiwa_description:/home/xiaobaige/ros2_ws/install/external_torque_sensor_broadcaster:/home/xiaobaige/UR5e_Vision_Assemble/install/bringup:/home/xiaobaige/UR5e_Vision_Assemble/install/ur_moveit_config:/home/xiaobaige/UR5e_Vision_Assemble/install/ur5e_gripper_control:/home/xiaobaige/UR5e_Vision_Assemble/install/dual_ur5e_gripper_moveit_config:/home/xiaobaige/UR5e_Vision_Assemble/install/ur5e_gripper_moveit_config:/home/xiaobaige/UR5e_Vision_Assemble/install/ur5e_gripper_description:/home/xiaobaige/UR5e_Vision_Assemble/install/ur_description:/home/xiaobaige/UR5e_Vision_Assemble/install/robotiq_moveit_config:/home/xiaobaige/UR5e_Vision_Assemble/install/robotiq_description:/home/xiaobaige/UR5e_Vision_Assemble/install/vision:/opt/ros/humble:/home/xiaobaige/UR5e_Vision_Assemble/install/realsense_gazebo_plugin:/home/xiaobaige/UR5e_Vision_Assemble/install/realsense2_description:/home/xiaobaige/UR5e_Vision_Assemble/install/realsense2_camera_msgs:/home/xiaobaige/UR5e_Vision_Assemble/install/gazebo_grasp_plugin_ros:/home/xiaobaige/UR5e_Vision_Assemble/install/gazebo_grasp_plugin:/home/xiaobaige/UR5e_Vision_Assemble/install/gazebo_version_helpers /usr/bin/cmake /home/xiaobaige/dual_iiwa_project/src/libs/iiwa_ros2/iiwa_bringup -DAMENT_CMAKE_SYMLINK_INSTALL=1 -DCMAKE_INSTALL_PREFIX=/home/xiaobaige/dual_iiwa_project/install/iiwa_bringup
[0.817s] Invoking command in '/home/xiaobaige/dual_iiwa_project/build/iiwa_bringup': AMENT_PREFIX_PATH=/home/xiaobaige/dual_iiwa_project/install/iiwa_description:${AMENT_PREFIX_PATH} CMAKE_PREFIX_PATH=/home/xiaobaige/dual_iiwa_project/install/iiwa_description:/home/xiaobaige/ros2_ws/install/moveit_task_constructor_visualization:/home/xiaobaige/ros2_ws/install/moveit_task_constructor_demo:/home/xiaobaige/ros2_ws/install/moveit_task_constructor_capabilities:/home/xiaobaige/ros2_ws/install/moveit2_tutorials:/home/xiaobaige/ros2_ws/install/moveit_task_constructor_core:/home/xiaobaige/ros2_ws/install/rviz_marker_tools:/home/xiaobaige/ros2_ws/install/moveit_task_constructor_msgs:/home/xiaobaige/ros2_ws/install/impedance_controller:/home/xiaobaige/ros2_ws/install/iiwa_moveit2:/home/xiaobaige/ros2_ws/install/iiwa_hardware:/home/xiaobaige/ros2_ws/install/iiwa_bringup:/home/xiaobaige/ros2_ws/install/iiwa_description:/home/xiaobaige/ros2_ws/install/external_torque_sensor_broadcaster:/home/xiaobaige/UR5e_Vision_Assemble/install/bringup:/home/xiaobaige/UR5e_Vision_Assemble/install/ur_moveit_config:/home/xiaobaige/UR5e_Vision_Assemble/install/ur5e_gripper_control:/home/xiaobaige/UR5e_Vision_Assemble/install/dual_ur5e_gripper_moveit_config:/home/xiaobaige/UR5e_Vision_Assemble/install/ur5e_gripper_moveit_config:/home/xiaobaige/UR5e_Vision_Assemble/install/ur5e_gripper_description:/home/xiaobaige/UR5e_Vision_Assemble/install/ur_description:/home/xiaobaige/UR5e_Vision_Assemble/install/robotiq_moveit_config:/home/xiaobaige/UR5e_Vision_Assemble/install/robotiq_description:/home/xiaobaige/UR5e_Vision_Assemble/install/vision:/opt/ros/humble:/home/xiaobaige/UR5e_Vision_Assemble/install/realsense_gazebo_plugin:/home/xiaobaige/UR5e_Vision_Assemble/install/realsense2_description:/home/xiaobaige/UR5e_Vision_Assemble/install/realsense2_camera_msgs:/home/xiaobaige/UR5e_Vision_Assemble/install/gazebo_grasp_plugin_ros:/home/xiaobaige/UR5e_Vision_Assemble/install/gazebo_grasp_plugin:/home/xiaobaige/UR5e_Vision_Assemble/install/gazebo_version_helpers /usr/bin/cmake --build /home/xiaobaige/dual_iiwa_project/build/iiwa_bringup -- -j24 -l24
[0.839s] Invoked command in '/home/xiaobaige/dual_iiwa_project/build/iiwa_bringup' returned '0': AMENT_PREFIX_PATH=/home/xiaobaige/dual_iiwa_project/install/iiwa_description:${AMENT_PREFIX_PATH} CMAKE_PREFIX_PATH=/home/xiaobaige/dual_iiwa_project/install/iiwa_description:/home/xiaobaige/ros2_ws/install/moveit_task_constructor_visualization:/home/xiaobaige/ros2_ws/install/moveit_task_constructor_demo:/home/xiaobaige/ros2_ws/install/moveit_task_constructor_capabilities:/home/xiaobaige/ros2_ws/install/moveit2_tutorials:/home/xiaobaige/ros2_ws/install/moveit_task_constructor_core:/home/xiaobaige/ros2_ws/install/rviz_marker_tools:/home/xiaobaige/ros2_ws/install/moveit_task_constructor_msgs:/home/xiaobaige/ros2_ws/install/impedance_controller:/home/xiaobaige/ros2_ws/install/iiwa_moveit2:/home/xiaobaige/ros2_ws/install/iiwa_hardware:/home/xiaobaige/ros2_ws/install/iiwa_bringup:/home/xiaobaige/ros2_ws/install/iiwa_description:/home/xiaobaige/ros2_ws/install/external_torque_sensor_broadcaster:/home/xiaobaige/UR5e_Vision_Assemble/install/bringup:/home/xiaobaige/UR5e_Vision_Assemble/install/ur_moveit_config:/home/xiaobaige/UR5e_Vision_Assemble/install/ur5e_gripper_control:/home/xiaobaige/UR5e_Vision_Assemble/install/dual_ur5e_gripper_moveit_config:/home/xiaobaige/UR5e_Vision_Assemble/install/ur5e_gripper_moveit_config:/home/xiaobaige/UR5e_Vision_Assemble/install/ur5e_gripper_description:/home/xiaobaige/UR5e_Vision_Assemble/install/ur_description:/home/xiaobaige/UR5e_Vision_Assemble/install/robotiq_moveit_config:/home/xiaobaige/UR5e_Vision_Assemble/install/robotiq_description:/home/xiaobaige/UR5e_Vision_Assemble/install/vision:/opt/ros/humble:/home/xiaobaige/UR5e_Vision_Assemble/install/realsense_gazebo_plugin:/home/xiaobaige/UR5e_Vision_Assemble/install/realsense2_description:/home/xiaobaige/UR5e_Vision_Assemble/install/realsense2_camera_msgs:/home/xiaobaige/UR5e_Vision_Assemble/install/gazebo_grasp_plugin_ros:/home/xiaobaige/UR5e_Vision_Assemble/install/gazebo_grasp_plugin:/home/xiaobaige/UR5e_Vision_Assemble/install/gazebo_version_helpers /usr/bin/cmake --build /home/xiaobaige/dual_iiwa_project/build/iiwa_bringup -- -j24 -l24
[0.850s] Invoking command in '/home/xiaobaige/dual_iiwa_project/build/iiwa_bringup': AMENT_PREFIX_PATH=/home/xiaobaige/dual_iiwa_project/install/iiwa_description:${AMENT_PREFIX_PATH} CMAKE_PREFIX_PATH=/home/xiaobaige/dual_iiwa_project/install/iiwa_description:/home/xiaobaige/ros2_ws/install/moveit_task_constructor_visualization:/home/xiaobaige/ros2_ws/install/moveit_task_constructor_demo:/home/xiaobaige/ros2_ws/install/moveit_task_constructor_capabilities:/home/xiaobaige/ros2_ws/install/moveit2_tutorials:/home/xiaobaige/ros2_ws/install/moveit_task_constructor_core:/home/xiaobaige/ros2_ws/install/rviz_marker_tools:/home/xiaobaige/ros2_ws/install/moveit_task_constructor_msgs:/home/xiaobaige/ros2_ws/install/impedance_controller:/home/xiaobaige/ros2_ws/install/iiwa_moveit2:/home/xiaobaige/ros2_ws/install/iiwa_hardware:/home/xiaobaige/ros2_ws/install/iiwa_bringup:/home/xiaobaige/ros2_ws/install/iiwa_description:/home/xiaobaige/ros2_ws/install/external_torque_sensor_broadcaster:/home/xiaobaige/UR5e_Vision_Assemble/install/bringup:/home/xiaobaige/UR5e_Vision_Assemble/install/ur_moveit_config:/home/xiaobaige/UR5e_Vision_Assemble/install/ur5e_gripper_control:/home/xiaobaige/UR5e_Vision_Assemble/install/dual_ur5e_gripper_moveit_config:/home/xiaobaige/UR5e_Vision_Assemble/install/ur5e_gripper_moveit_config:/home/xiaobaige/UR5e_Vision_Assemble/install/ur5e_gripper_description:/home/xiaobaige/UR5e_Vision_Assemble/install/ur_description:/home/xiaobaige/UR5e_Vision_Assemble/install/robotiq_moveit_config:/home/xiaobaige/UR5e_Vision_Assemble/install/robotiq_description:/home/xiaobaige/UR5e_Vision_Assemble/install/vision:/opt/ros/humble:/home/xiaobaige/UR5e_Vision_Assemble/install/realsense_gazebo_plugin:/home/xiaobaige/UR5e_Vision_Assemble/install/realsense2_description:/home/xiaobaige/UR5e_Vision_Assemble/install/realsense2_camera_msgs:/home/xiaobaige/UR5e_Vision_Assemble/install/gazebo_grasp_plugin_ros:/home/xiaobaige/UR5e_Vision_Assemble/install/gazebo_grasp_plugin:/home/xiaobaige/UR5e_Vision_Assemble/install/gazebo_version_helpers /usr/bin/cmake --install /home/xiaobaige/dual_iiwa_project/build/iiwa_bringup
[0.854s] -- Install configuration: ""
[0.855s] -- Execute custom install script
[0.855s] -- Symlinking: /home/xiaobaige/dual_iiwa_project/install/iiwa_bringup/share/iiwa_bringup/launch/iiwa.launch.py
[0.859s] -- Symlinking: /home/xiaobaige/dual_iiwa_project/install/iiwa_bringup/share/iiwa_bringup/launch/iiwa_planning.launch.py
[0.864s] -- Symlinking: /home/xiaobaige/dual_iiwa_project/install/iiwa_bringup/share/iiwa_bringup/launch/iiwa_pose_tracking.launch.py
[0.868s] -- Symlinking: /home/xiaobaige/dual_iiwa_project/install/iiwa_bringup/share/iiwa_bringup/launch/iiwa_servoing.launch.py
[0.872s] -- Symlinking: /home/xiaobaige/dual_iiwa_project/install/iiwa_bringup/share/iiwa_bringup/launch/iiwa_test_joint_trajectory_controller.launch.py
[0.876s] -- Symlinking: /home/xiaobaige/dual_iiwa_project/install/iiwa_bringup/share/iiwa_bringup/launch/joy_servo_teleop.launch.py
[0.880s] -- Symlinking: /home/xiaobaige/dual_iiwa_project/install/iiwa_bringup/share/iiwa_bringup/config/test_trajectory_config.yaml
[0.884s] -- Symlinking: /home/xiaobaige/dual_iiwa_project/install/iiwa_bringup/share/ament_index/resource_index/package_run_dependencies/iiwa_bringup
[0.888s] -- Symlinking: /home/xiaobaige/dual_iiwa_project/install/iiwa_bringup/share/ament_index/resource_index/parent_prefix_path/iiwa_bringup
[0.892s] -- Symlinking: /home/xiaobaige/dual_iiwa_project/install/iiwa_bringup/share/iiwa_bringup/environment/ament_prefix_path.sh
[0.897s] -- Symlinking: /home/xiaobaige/dual_iiwa_project/install/iiwa_bringup/share/iiwa_bringup/environment/ament_prefix_path.dsv
[0.901s] -- Symlinking: /home/xiaobaige/dual_iiwa_project/install/iiwa_bringup/share/iiwa_bringup/environment/path.sh
[0.905s] -- Symlinking: /home/xiaobaige/dual_iiwa_project/install/iiwa_bringup/share/iiwa_bringup/environment/path.dsv
[0.909s] -- Symlinking: /home/xiaobaige/dual_iiwa_project/install/iiwa_bringup/share/iiwa_bringup/local_setup.bash
[0.913s] -- Symlinking: /home/xiaobaige/dual_iiwa_project/install/iiwa_bringup/share/iiwa_bringup/local_setup.sh
[0.917s] -- Symlinking: /home/xiaobaige/dual_iiwa_project/install/iiwa_bringup/share/iiwa_bringup/local_setup.zsh
[0.922s] -- Symlinking: /home/xiaobaige/dual_iiwa_project/install/iiwa_bringup/share/iiwa_bringup/local_setup.dsv
[0.926s] -- Symlinking: /home/xiaobaige/dual_iiwa_project/install/iiwa_bringup/share/iiwa_bringup/package.dsv
[0.931s] -- Symlinking: /home/xiaobaige/dual_iiwa_project/install/iiwa_bringup/share/ament_index/resource_index/packages/iiwa_bringup
[0.935s] -- Symlinking: /home/xiaobaige/dual_iiwa_project/install/iiwa_bringup/share/iiwa_bringup/cmake/iiwa_bringupConfig.cmake
[0.940s] -- Symlinking: /home/xiaobaige/dual_iiwa_project/install/iiwa_bringup/share/iiwa_bringup/cmake/iiwa_bringupConfig-version.cmake
[0.944s] -- Symlinking: /home/xiaobaige/dual_iiwa_project/install/iiwa_bringup/share/iiwa_bringup/package.xml
[0.949s] Invoked command in '/home/xiaobaige/dual_iiwa_project/build/iiwa_bringup' returned '0': AMENT_PREFIX_PATH=/home/xiaobaige/dual_iiwa_project/install/iiwa_description:${AMENT_PREFIX_PATH} CMAKE_PREFIX_PATH=/home/xiaobaige/dual_iiwa_project/install/iiwa_description:/home/xiaobaige/ros2_ws/install/moveit_task_constructor_visualization:/home/xiaobaige/ros2_ws/install/moveit_task_constructor_demo:/home/xiaobaige/ros2_ws/install/moveit_task_constructor_capabilities:/home/xiaobaige/ros2_ws/install/moveit2_tutorials:/home/xiaobaige/ros2_ws/install/moveit_task_constructor_core:/home/xiaobaige/ros2_ws/install/rviz_marker_tools:/home/xiaobaige/ros2_ws/install/moveit_task_constructor_msgs:/home/xiaobaige/ros2_ws/install/impedance_controller:/home/xiaobaige/ros2_ws/install/iiwa_moveit2:/home/xiaobaige/ros2_ws/install/iiwa_hardware:/home/xiaobaige/ros2_ws/install/iiwa_bringup:/home/xiaobaige/ros2_ws/install/iiwa_description:/home/xiaobaige/ros2_ws/install/external_torque_sensor_broadcaster:/home/xiaobaige/UR5e_Vision_Assemble/install/bringup:/home/xiaobaige/UR5e_Vision_Assemble/install/ur_moveit_config:/home/xiaobaige/UR5e_Vision_Assemble/install/ur5e_gripper_control:/home/xiaobaige/UR5e_Vision_Assemble/install/dual_ur5e_gripper_moveit_config:/home/xiaobaige/UR5e_Vision_Assemble/install/ur5e_gripper_moveit_config:/home/xiaobaige/UR5e_Vision_Assemble/install/ur5e_gripper_description:/home/xiaobaige/UR5e_Vision_Assemble/install/ur_description:/home/xiaobaige/UR5e_Vision_Assemble/install/robotiq_moveit_config:/home/xiaobaige/UR5e_Vision_Assemble/install/robotiq_description:/home/xiaobaige/UR5e_Vision_Assemble/install/vision:/opt/ros/humble:/home/xiaobaige/UR5e_Vision_Assemble/install/realsense_gazebo_plugin:/home/xiaobaige/UR5e_Vision_Assemble/install/realsense2_description:/home/xiaobaige/UR5e_Vision_Assemble/install/realsense2_camera_msgs:/home/xiaobaige/UR5e_Vision_Assemble/install/gazebo_grasp_plugin_ros:/home/xiaobaige/UR5e_Vision_Assemble/install/gazebo_grasp_plugin:/home/xiaobaige/UR5e_Vision_Assemble/install/gazebo_version_helpers /usr/bin/cmake --install /home/xiaobaige/dual_iiwa_project/build/iiwa_bringup
