-- The C compiler identification is GNU 11.4.0
-- The CXX compiler identification is GNU 11.4.0
-- Detecting C compiler ABI info
-- Detecting C compiler ABI info - done
-- Check for working C compiler: /usr/bin/cc - skipped
-- Detecting C compile features
-- Detecting C compile features - done
-- Detecting CXX compiler ABI info
-- Detecting CXX compiler ABI info - done
-- Check for working CXX compiler: /usr/bin/c++ - skipped
-- Detecting CXX compile features
-- Detecting CXX compile features - done
-- Found ament_cmake: 1.3.5 (/opt/ros/humble/share/ament_cmake/cmake)
-- Found Python3: /usr/bin/python3.10 (found version "3.10.12") found components: Interpreter 
-- Override CMake install command with custom implementation using symlinks instead of copying resources
-- Found controller_interface: 2.32.0 (/opt/ros/humble/share/controller_interface/cmake)
-- Found rosidl_generator_c: 3.1.5 (/opt/ros/humble/share/rosidl_generator_c/cmake)
-- Found rosidl_adapter: 3.1.5 (/opt/ros/humble/share/rosidl_adapter/cmake)
-- Found rosidl_generator_cpp: 3.1.5 (/opt/ros/humble/share/rosidl_generator_cpp/cmake)
-- Using all available rosidl_typesupport_c: rosidl_typesupport_fastrtps_c;rosidl_typesupport_introspection_c
-- Using all available rosidl_typesupport_cpp: rosidl_typesupport_fastrtps_cpp;rosidl_typesupport_introspection_cpp
-- Found rmw_implementation_cmake: 6.1.1 (/opt/ros/humble/share/rmw_implementation_cmake/cmake)
-- Found rmw_cyclonedds_cpp: 1.3.4 (/opt/ros/humble/share/rmw_cyclonedds_cpp/cmake)
-- Using RMW implementation 'rmw_cyclonedds_cpp' as default
-- Looking for pthread.h
-- Looking for pthread.h - found
-- Performing Test CMAKE_HAVE_LIBC_PTHREAD
-- Performing Test CMAKE_HAVE_LIBC_PTHREAD - Success
-- Found Threads: TRUE  
-- Found realtime_tools: 2.5.0 (/opt/ros/humble/share/realtime_tools/cmake)
-- Found ament_cmake_gtest: 1.3.5 (/opt/ros/humble/share/ament_cmake_gtest/cmake)
-- Found ament_lint_auto: 0.12.8 (/opt/ros/humble/share/ament_lint_auto/cmake)
-- Configuring done
-- Generating done
-- Build files have been written to: /home/xiaobaige/dual_iiwa_project/build/external_torque_sensor_broadcaster
[ 50%] [32mBuilding CXX object CMakeFiles/external_torque_sensor_broadcaster.dir/src/external_torque_sensor_broadcaster.cpp.o[0m
[100%] [32m[1mLinking CXX shared library libexternal_torque_sensor_broadcaster.so[0m
[100%] Built target external_torque_sensor_broadcaster
-- Install configuration: ""
-- Execute custom install script
-- Symlinking: /home/xiaobaige/dual_iiwa_project/install/external_torque_sensor_broadcaster/share/external_torque_sensor_broadcaster//external_torque_sensor_broadcaster.xml
-- Symlinking: /home/xiaobaige/dual_iiwa_project/install/external_torque_sensor_broadcaster/lib/libexternal_torque_sensor_broadcaster.so
-- Symlinking: /home/xiaobaige/dual_iiwa_project/install/external_torque_sensor_broadcaster/include/external_torque_sensor_broadcaster/external_torque_sensor.hpp
-- Symlinking: /home/xiaobaige/dual_iiwa_project/install/external_torque_sensor_broadcaster/include/external_torque_sensor_broadcaster/external_torque_sensor_broadcaster.hpp
-- Symlinking: /home/xiaobaige/dual_iiwa_project/install/external_torque_sensor_broadcaster/include/external_torque_sensor_broadcaster/visibility_control.h
-- Symlinking: /home/xiaobaige/dual_iiwa_project/install/external_torque_sensor_broadcaster/share/external_torque_sensor_broadcaster/environment/library_path.sh
-- Symlinking: /home/xiaobaige/dual_iiwa_project/install/external_torque_sensor_broadcaster/share/external_torque_sensor_broadcaster/environment/library_path.dsv
-- Symlinking: /home/xiaobaige/dual_iiwa_project/install/external_torque_sensor_broadcaster/share/ament_index/resource_index/package_run_dependencies/external_torque_sensor_broadcaster
-- Symlinking: /home/xiaobaige/dual_iiwa_project/install/external_torque_sensor_broadcaster/share/ament_index/resource_index/parent_prefix_path/external_torque_sensor_broadcaster
-- Symlinking: /home/xiaobaige/dual_iiwa_project/install/external_torque_sensor_broadcaster/share/external_torque_sensor_broadcaster/environment/ament_prefix_path.sh
-- Symlinking: /home/xiaobaige/dual_iiwa_project/install/external_torque_sensor_broadcaster/share/external_torque_sensor_broadcaster/environment/ament_prefix_path.dsv
-- Symlinking: /home/xiaobaige/dual_iiwa_project/install/external_torque_sensor_broadcaster/share/external_torque_sensor_broadcaster/environment/path.sh
-- Symlinking: /home/xiaobaige/dual_iiwa_project/install/external_torque_sensor_broadcaster/share/external_torque_sensor_broadcaster/environment/path.dsv
-- Symlinking: /home/xiaobaige/dual_iiwa_project/install/external_torque_sensor_broadcaster/share/external_torque_sensor_broadcaster/local_setup.bash
-- Symlinking: /home/xiaobaige/dual_iiwa_project/install/external_torque_sensor_broadcaster/share/external_torque_sensor_broadcaster/local_setup.sh
-- Symlinking: /home/xiaobaige/dual_iiwa_project/install/external_torque_sensor_broadcaster/share/external_torque_sensor_broadcaster/local_setup.zsh
-- Symlinking: /home/xiaobaige/dual_iiwa_project/install/external_torque_sensor_broadcaster/share/external_torque_sensor_broadcaster/local_setup.dsv
-- Symlinking: /home/xiaobaige/dual_iiwa_project/install/external_torque_sensor_broadcaster/share/external_torque_sensor_broadcaster/package.dsv
-- Symlinking: /home/xiaobaige/dual_iiwa_project/install/external_torque_sensor_broadcaster/share/ament_index/resource_index/packages/external_torque_sensor_broadcaster
-- Symlinking: /home/xiaobaige/dual_iiwa_project/install/external_torque_sensor_broadcaster/share/ament_index/resource_index/controller_interface__pluginlib__plugin/external_torque_sensor_broadcaster
-- Symlinking: /home/xiaobaige/dual_iiwa_project/install/external_torque_sensor_broadcaster/share/external_torque_sensor_broadcaster/cmake/ament_cmake_export_include_directories-extras.cmake
-- Symlinking: /home/xiaobaige/dual_iiwa_project/install/external_torque_sensor_broadcaster/share/external_torque_sensor_broadcaster/cmake/ament_cmake_export_libraries-extras.cmake
-- Symlinking: /home/xiaobaige/dual_iiwa_project/install/external_torque_sensor_broadcaster/share/external_torque_sensor_broadcaster/cmake/ament_cmake_export_dependencies-extras.cmake
-- Symlinking: /home/xiaobaige/dual_iiwa_project/install/external_torque_sensor_broadcaster/share/external_torque_sensor_broadcaster/cmake/external_torque_sensor_broadcasterConfig.cmake
-- Symlinking: /home/xiaobaige/dual_iiwa_project/install/external_torque_sensor_broadcaster/share/external_torque_sensor_broadcaster/cmake/external_torque_sensor_broadcasterConfig-version.cmake
-- Symlinking: /home/xiaobaige/dual_iiwa_project/install/external_torque_sensor_broadcaster/share/external_torque_sensor_broadcaster/package.xml
